Log file open, 04/25/22 08:08:45
LogWindows: Failed to load 'aqProf.dll' (GetLastError=126)
LogWindows: File 'aqProf.dll' does not exist
LogWindows: Failed to load 'VtuneApi.dll' (GetLastError=126)
LogWindows: File 'VtuneApi.dll' does not exist
LogWindows: Failed to load 'VtuneApi32e.dll' (GetLastError=126)
LogWindows: File 'VtuneApi32e.dll' does not exist
LogConsoleResponse: Display: Failed to find resolution value strings in scalability ini. Falling back to default.
LogConsoleResponse: Display: Failed to find resolution value strings in scalability ini. Falling back to default.
LogInit: Display: Running engine for game: Bellz
LogPlatformFile: Not using cached read wrapper
LogTaskGraph: Started task graph with 5 named threads and 35 total threads with 3 sets of task threads.
LogStats: Stats thread started at 0.560160
LogICUInternationalization: ICU TimeZone Detection - Raw Offset: +9:00, Platform Override: ''
LogInit: Display: Loading text-based GConfig....
LogPluginManager: Mounting plugin MeshPainting
LogPluginManager: Mounting plugin XGEController
LogPluginManager: Mounting plugin Paper2D
LogPluginManager: Mounting plugin LiveLink
LogPluginManager: Mounting plugin EnvironmentQueryEditor
LogPluginManager: Mounting plugin AISupport
LogPluginManager: Mounting plugin LightPropagationVolume
LogPluginManager: Mounting plugin CLionSourceCodeAccess
LogPluginManager: Mounting plugin AnimationSharing
LogPluginManager: Mounting plugin CodeLiteSourceCodeAccess
LogPluginManager: Mounting plugin GitSourceControl
LogPluginManager: Mounting plugin KDevelopSourceCodeAccess
LogPluginManager: Mounting plugin NullSourceCodeAccess
LogPluginManager: Mounting plugin PluginUtils
LogPluginManager: Mounting plugin PlasticSourceControl
LogPluginManager: Mounting plugin RiderSourceCodeAccess
LogPluginManager: Mounting plugin PixWinPlugin
LogPluginManager: Mounting plugin PerforceSourceControl
LogPluginManager: Mounting plugin TextureFormatOodle
LogPluginManager: Mounting plugin OodleData
LogPluginManager: Mounting plugin PropertyAccessNode
LogPluginManager: Mounting plugin SubversionSourceControl
LogPluginManager: Mounting plugin VisualStudioCodeSourceCodeAccess
LogPluginManager: Mounting plugin XCodeSourceCodeAccess
LogPluginManager: Mounting plugin CameraShakePreviewer
LogPluginManager: Mounting plugin GameplayCameras
LogPluginManager: Mounting plugin OodleNetwork
LogPluginManager: Mounting plugin VisualStudioSourceCodeAccess
LogPluginManager: Mounting plugin UObjectPlugin
LogPluginManager: Mounting plugin DatasmithContent
LogPluginManager: Mounting plugin Niagara
LogPluginManager: Mounting plugin VariantManagerContent
LogPluginManager: Mounting plugin AssetManagerEditor
LogPluginManager: Mounting plugin CryptoKeys
LogPluginManager: Mounting plugin CurveEditorTools
LogPluginManager: Mounting plugin DataValidation
LogPluginManager: Mounting plugin GameplayTagsEditor
LogPluginManager: Mounting plugin FacialAnimation
LogPluginManager: Mounting plugin GeometryMode
LogPluginManager: Mounting plugin MacGraphicsSwitching
LogPluginManager: Mounting plugin MaterialAnalyzer
LogPluginManager: Mounting plugin MobileLauncherProfileWizard
LogPluginManager: Mounting plugin PluginBrowser
LogPluginManager: Mounting plugin SpeedTreeImporter
LogPluginManager: Mounting plugin LuminPlatformFeatures
LogPluginManager: Mounting plugin MagicLeap
LogPluginManager: Mounting plugin MagicLeapLightEstimation
LogPluginManager: Mounting plugin MagicLeapMedia
LogPluginManager: Mounting plugin MagicLeapPassableWorld
LogPluginManager: Mounting plugin MLSDK
LogPluginManager: Mounting plugin AlembicImporter
LogPluginManager: Mounting plugin BackChannel
LogPluginManager: Mounting plugin AutomationUtils
LogPluginManager: Mounting plugin ChaosCloth
LogPluginManager: Mounting plugin ChaosClothEditor
LogPluginManager: Mounting plugin ChaosNiagara
LogPluginManager: Mounting plugin ChaosSolverPlugin
LogPluginManager: Mounting plugin CharacterAI
LogPluginManager: Mounting plugin ChaosEditor
LogPluginManager: Mounting plugin AndroidMedia
LogPluginManager: Mounting plugin AvfMedia
LogPluginManager: Mounting plugin GeometryCache
LogPluginManager: Mounting plugin GeometryCollectionPlugin
LogPluginManager: Mounting plugin ImgMedia
LogPluginManager: Mounting plugin MediaCompositing
LogPluginManager: Mounting plugin UdpMessaging
LogPluginManager: Mounting plugin TcpMessaging
LogPluginManager: Mounting plugin MediaPlayerEditor
LogPluginManager: Mounting plugin WebMMedia
LogPluginManager: Mounting plugin WmfMedia
LogPluginManager: Mounting plugin GeometryProcessing
LogPluginManager: Mounting plugin MotoSynth
LogPluginManager: Mounting plugin OpenImageDenoise
LogPluginManager: Mounting plugin PlatformCrypto
LogPluginManager: Mounting plugin ProxyLODPlugin
LogPluginManager: Mounting plugin PythonScriptPlugin
LogPluginManager: Mounting plugin PlanarCut
LogPluginManager: Mounting plugin SkeletalReduction
LogPluginManager: Mounting plugin ActorSequence
LogPluginManager: Mounting plugin LevelSequenceEditor
LogPluginManager: Mounting plugin MatineeToLevelSequence
LogPluginManager: Mounting plugin TemplateSequence
LogPluginManager: Mounting plugin OnlineSubsystem
LogPluginManager: Mounting plugin OnlineSubsystemNull
LogPluginManager: Mounting plugin OnlineSubsystemUtils
LogPluginManager: Mounting plugin LauncherChunkInstaller
LogPluginManager: Mounting plugin ScreenshotTools
LogPluginManager: Mounting plugin ActorLayerUtilities
LogPluginManager: Mounting plugin AndroidDeviceProfileSelector
LogPluginManager: Mounting plugin AndroidMoviePlayer
LogPluginManager: Mounting plugin AndroidPermission
LogPluginManager: Mounting plugin AppleImageUtils
LogPluginManager: Mounting plugin AppleMoviePlayer
LogPluginManager: Mounting plugin Takes
LogPluginManager: Mounting plugin ArchVisCharacter
LogPluginManager: Mounting plugin AssetTags
LogPluginManager: Mounting plugin AudioCapture
LogPluginManager: Mounting plugin AudioSynesthesia
LogPluginManager: Mounting plugin CableComponent
LogPluginManager: Mounting plugin ChunkDownloader
LogPluginManager: Mounting plugin CustomMeshComponent
LogPluginManager: Mounting plugin EditableMesh
LogPluginManager: Mounting plugin ExampleDeviceProfileSelector
LogPluginManager: Mounting plugin GoogleCloudMessaging
LogPluginManager: Mounting plugin GooglePAD
LogPluginManager: Mounting plugin IOSDeviceProfileSelector
LogPluginManager: Mounting plugin LinuxDeviceProfileSelector
LogPluginManager: Mounting plugin LocationServicesBPLibrary
LogPluginManager: Mounting plugin MobilePatchingUtils
LogPluginManager: Mounting plugin OpenXR
LogPluginManager: Mounting plugin OpenXREyeTracker
LogPluginManager: Mounting plugin OpenXRHandTracking
LogPluginManager: Mounting plugin PhysXVehicles
LogPluginManager: Mounting plugin PostSplashScreen
LogPluginManager: Mounting plugin ProceduralMeshComponent
LogPluginManager: Mounting plugin PropertyAccessEditor
LogPluginManager: Mounting plugin RuntimePhysXCooking
LogPluginManager: Mounting plugin SignificanceManager
LogPluginManager: Mounting plugin SoundFields
LogPluginManager: Mounting plugin Synthesis
LogPluginManager: Mounting plugin WebMMoviePlayer
LogPluginManager: Mounting plugin WindowsMoviePlayer
LogPluginManager: Mounting plugin ContentBrowserAssetDataSource
LogPluginManager: Mounting plugin ContentBrowserFileDataSource
LogPluginManager: Mounting plugin ContentBrowserClassDataSource
LogPluginManager: Mounting plugin OnlineSubsystemGooglePlay
LogPluginManager: Mounting plugin OnlineSubsystemIOS
LogPluginManager: Mounting plugin OculusVR
LogPluginManager: Mounting plugin SteamVR
PixWinPlugin: PIX capture plugin failed to initialize! Check that the process is launched from PIX.
LogInit: Using libcurl 7.55.1-DEV
LogInit:  - built for x86_64-pc-win32
LogInit:  - supports SSL with OpenSSL/1.1.1
LogInit:  - supports HTTP deflate (compression) using libz 1.2.8
LogInit:  - other features:
LogInit:      CURL_VERSION_SSL
LogInit:      CURL_VERSION_LIBZ
LogInit:      CURL_VERSION_IPV6
LogInit:      CURL_VERSION_ASYNCHDNS
LogInit:      CURL_VERSION_LARGEFILE
LogInit:      CURL_VERSION_IDN
LogInit:  CurlRequestOptions (configurable via config and command line):
LogInit:  - bVerifyPeer = true  - Libcurl will verify peer certificate
LogInit:  - bUseHttpProxy = false  - Libcurl will NOT use HTTP proxy
LogInit:  - bDontReuseConnections = false  - Libcurl will reuse connections
LogInit:  - MaxHostConnections = 16  - Libcurl will limit the number of connections to a host
LogInit:  - LocalHostAddr = Default
LogInit:  - BufferSize = 65536
LogOnline: OSS: Creating online subsystem instance for: NULL
LogInit: WinSock: version 1.1 (2.2), MaxSocks=32767, MaxUdp=65467
LogOnline: OSS: TryLoadSubsystemAndSetDefault: Loaded subsystem for module [NULL]
LogOculusPluginWrapper: OculusPlugin initialized successfully
LogHMD: Failed initializing OVRPlugin 1.59.0
LogInit: Build: ++UE4+Release-4.27-CL-18319896
LogInit: Engine Version: 4.27.2-18319896+++UE4+Release-4.27
LogInit: Compatible Engine Version: 4.27.0-17155196+++UE4+Release-4.27
LogInit: Net CL: 17155196
LogInit: OS: Windows 10 (Release 2009) (), CPU: Intel(R) Core(TM) i7-8750H CPU @ 2.20GHz, GPU: Intel(R) UHD Graphics 630
LogInit: Compiled (64-bit): Nov 30 2021 07:12:08
LogInit: Compiled with Visual C++: 19.24.28315.00
LogInit: Build Configuration: Development
LogInit: Branch Name: ++UE4+Release-4.27
LogInit: Command Line: 
LogInit: Base Directory: E:/Epic Games/UE_4.27/Engine/Binaries/Win64/
LogInit: Allocator: TBB
LogInit: Installed Engine Build: 1
LogDevObjectVersion: Number of dev versions registered: 29
LogDevObjectVersion:   Dev-Blueprints (B0D832E4-1F89-4F0D-ACCF-7EB736FD4AA2): 10
LogDevObjectVersion:   Dev-Build (E1C64328-A22C-4D53-A36C-8E866417BD8C): 0
LogDevObjectVersion:   Dev-Core (375EC13C-06E4-48FB-B500-84F0262A717E): 4
LogDevObjectVersion:   Dev-Editor (E4B068ED-F494-42E9-A231-DA0B2E46BB41): 40
LogDevObjectVersion:   Dev-Framework (CFFC743F-43B0-4480-9391-14DF171D2073): 37
LogDevObjectVersion:   Dev-Mobile (B02B49B5-BB20-44E9-A304-32B752E40360): 3
LogDevObjectVersion:   Dev-Networking (A4E4105C-59A1-49B5-A7C5-40C4547EDFEE): 0
LogDevObjectVersion:   Dev-Online (39C831C9-5AE6-47DC-9A44-9C173E1C8E7C): 0
LogDevObjectVersion:   Dev-Physics (78F01B33-EBEA-4F98-B9B4-84EACCB95AA2): 14
LogDevObjectVersion:   Dev-Platform (6631380F-2D4D-43E0-8009-CF276956A95A): 0
LogDevObjectVersion:   Dev-Rendering (12F88B9F-8875-4AFC-A67C-D90C383ABD29): 45
LogDevObjectVersion:   Dev-Sequencer (7B5AE74C-D270-4C10-A958-57980B212A5A): 13
LogDevObjectVersion:   Dev-VR (D7296918-1DD6-4BDD-9DE2-64A83CC13884): 3
LogDevObjectVersion:   Dev-LoadTimes (C2A15278-BFE7-4AFE-6C17-90FF531DF755): 1
LogDevObjectVersion:   Private-Geometry (6EACA3D4-40EC-4CC1-B786-8BED09428FC5): 3
LogDevObjectVersion:   Dev-AnimPhys (29E575DD-E0A3-4627-9D10-D276232CDCEA): 17
LogDevObjectVersion:   Dev-Anim (AF43A65D-7FD3-4947-9873-3E8ED9C1BB05): 15
LogDevObjectVersion:   Dev-ReflectionCapture (6B266CEC-1EC7-4B8F-A30B-E4D90942FC07): 1
LogDevObjectVersion:   Dev-Automation (0DF73D61-A23F-47EA-B727-89E90C41499A): 1
LogDevObjectVersion:   FortniteMain (601D1886-AC64-4F84-AA16-D3DE0DEAC7D6): 47
LogDevObjectVersion:   FortniteRelease (E7086368-6B23-4C58-8439-1B7016265E91): 1
LogDevObjectVersion:   Dev-Enterprise (9DFFBCD6-494F-0158-E221-12823C92A888): 10
LogDevObjectVersion:   Dev-Niagara (F2AED0AC-9AFE-416F-8664-AA7FFA26D6FC): 1
LogDevObjectVersion:   Dev-Destruction (174F1F0B-B4C6-45A5-B13F-2EE8D0FB917D): 10
LogDevObjectVersion:   Dev-Physics-Ext (35F94A83-E258-406C-A318-09F59610247C): 41
LogDevObjectVersion:   Dev-PhysicsMaterial-Chaos (B68FC16E-8B1B-42E2-B453-215C058844FE): 1
LogDevObjectVersion:   Dev-CineCamera (B2E18506-4273-CFC2-A54E-F4BB758BBA07): 1
LogDevObjectVersion:   Dev-VirtualProduction (64F58936-FD1B-42BA-BA96-7289D5D0FA4E): 1
LogDevObjectVersion:   Dev-MediaFramework (6F0ED827-A609-4895-9C91-998D90180EA4): 2
LogInit: Presizing for max 25165824 objects, including 0 objects not considered by GC, pre-allocating 0 bytes for permanent pool.
LogConfig: Applying CVar settings from Section [/Script/Engine.StreamingSettings] File [C:/Users/Home/Desktop/Projects/Basic-Game-Development/Bellz/Saved/Config/Windows/Engine.ini]
LogConfig: Setting CVar [[s.MinBulkDataSizeForAsyncLoading:131072]]
LogConfig: Setting CVar [[s.AsyncLoadingThreadEnabled:0]]
LogConfig: Setting CVar [[s.EventDrivenLoaderEnabled:1]]
LogConfig: Setting CVar [[s.WarnIfTimeLimitExceeded:0]]
LogConfig: Setting CVar [[s.TimeLimitExceededMultiplier:1.5]]
LogConfig: Setting CVar [[s.TimeLimitExceededMinTime:0.005]]
LogConfig: Setting CVar [[s.UseBackgroundLevelStreaming:1]]
LogConfig: Setting CVar [[s.PriorityAsyncLoadingExtraTime:15.0]]
LogConfig: Setting CVar [[s.LevelStreamingActorsUpdateTimeLimit:5.0]]
LogConfig: Setting CVar [[s.PriorityLevelStreamingActorsUpdateExtraTime:5.0]]
LogConfig: Setting CVar [[s.LevelStreamingComponentsRegistrationGranularity:10]]
LogConfig: Setting CVar [[s.UnregisterComponentsTimeLimit:1.0]]
LogConfig: Setting CVar [[s.LevelStreamingComponentsUnregistrationGranularity:5]]
LogConfig: Setting CVar [[s.FlushStreamingOnExit:1]]
LogInit: Object subsystem initialized
LogConfig: Setting CVar [[con.DebugEarlyDefault:1]]
LogConfig: Setting CVar [[r.setres:1280x720]]
[2022.04.24-23.08.46:555][  0]LogConfig: Setting CVar [[r.VSync:0]]
[2022.04.24-23.08.46:555][  0]LogConfig: Setting CVar [[r.RHICmdBypass:0]]
[2022.04.24-23.08.46:555][  0]LogConfig: Applying CVar settings from Section [/Script/Engine.RendererSettings] File [C:/Users/Home/Desktop/Projects/Basic-Game-Development/Bellz/Saved/Config/Windows/Engine.ini]
[2022.04.24-23.08.46:556][  0]LogConfig: Setting CVar [[r.GPUCrashDebugging:0]]
[2022.04.24-23.08.46:556][  0]LogConfig: Applying CVar settings from Section [/Script/Engine.RendererOverrideSettings] File [C:/Users/Home/Desktop/Projects/Basic-Game-Development/Bellz/Saved/Config/Windows/Engine.ini]
[2022.04.24-23.08.46:556][  0]LogConfig: Applying CVar settings from Section [/Script/Engine.StreamingSettings] File [C:/Users/Home/Desktop/Projects/Basic-Game-Development/Bellz/Saved/Config/Windows/Engine.ini]
[2022.04.24-23.08.46:556][  0]LogConfig: Setting CVar [[s.MinBulkDataSizeForAsyncLoading:131072]]
[2022.04.24-23.08.46:556][  0]LogConfig: Setting CVar [[s.AsyncLoadingThreadEnabled:0]]
[2022.04.24-23.08.46:556][  0]LogConfig: Setting CVar [[s.EventDrivenLoaderEnabled:1]]
[2022.04.24-23.08.46:556][  0]LogConfig: Setting CVar [[s.WarnIfTimeLimitExceeded:0]]
[2022.04.24-23.08.46:556][  0]LogConfig: Setting CVar [[s.TimeLimitExceededMultiplier:1.5]]
[2022.04.24-23.08.46:556][  0]LogConfig: Setting CVar [[s.TimeLimitExceededMinTime:0.005]]
[2022.04.24-23.08.46:556][  0]LogConfig: Setting CVar [[s.UseBackgroundLevelStreaming:1]]
[2022.04.24-23.08.46:556][  0]LogConfig: Setting CVar [[s.PriorityAsyncLoadingExtraTime:15.0]]
[2022.04.24-23.08.46:556][  0]LogConfig: Setting CVar [[s.LevelStreamingActorsUpdateTimeLimit:5.0]]
[2022.04.24-23.08.46:556][  0]LogConfig: Setting CVar [[s.PriorityLevelStreamingActorsUpdateExtraTime:5.0]]
[2022.04.24-23.08.46:556][  0]LogConfig: Setting CVar [[s.LevelStreamingComponentsRegistrationGranularity:10]]
[2022.04.24-23.08.46:556][  0]LogConfig: Setting CVar [[s.UnregisterComponentsTimeLimit:1.0]]
[2022.04.24-23.08.46:556][  0]LogConfig: Setting CVar [[s.LevelStreamingComponentsUnregistrationGranularity:5]]
[2022.04.24-23.08.46:556][  0]LogConfig: Setting CVar [[s.FlushStreamingOnExit:1]]
[2022.04.24-23.08.46:556][  0]LogConfig: Applying CVar settings from Section [/Script/Engine.GarbageCollectionSettings] File [C:/Users/Home/Desktop/Projects/Basic-Game-Development/Bellz/Saved/Config/Windows/Engine.ini]
[2022.04.24-23.08.46:556][  0]LogConfig: Setting CVar [[gc.MaxObjectsNotConsideredByGC:1]]
[2022.04.24-23.08.46:556][  0]LogConfig: Setting CVar [[gc.SizeOfPermanentObjectPool:0]]
[2022.04.24-23.08.46:556][  0]LogConfig: Setting CVar [[gc.FlushStreamingOnGC:0]]
[2022.04.24-23.08.46:556][  0]LogConfig: Setting CVar [[gc.NumRetriesBeforeForcingGC:10]]
[2022.04.24-23.08.46:556][  0]LogConfig: Setting CVar [[gc.AllowParallelGC:1]]
[2022.04.24-23.08.46:556][  0]LogConfig: Setting CVar [[gc.TimeBetweenPurgingPendingKillObjects:61.1]]
[2022.04.24-23.08.46:556][  0]LogConfig: Setting CVar [[gc.MaxObjectsInEditor:25165824]]
[2022.04.24-23.08.46:556][  0]LogConfig: Setting CVar [[gc.IncrementalBeginDestroyEnabled:1]]
[2022.04.24-23.08.46:556][  0]LogConfig: Setting CVar [[gc.CreateGCClusters:1]]
[2022.04.24-23.08.46:556][  0]LogConfig: Setting CVar [[gc.MinGCClusterSize:5]]
[2022.04.24-23.08.46:556][  0]LogConfig: Setting CVar [[gc.ActorClusteringEnabled:0]]
[2022.04.24-23.08.46:556][  0]LogConfig: Setting CVar [[gc.BlueprintClusteringEnabled:0]]
[2022.04.24-23.08.46:556][  0]LogConfig: Setting CVar [[gc.UseDisregardForGCOnDedicatedServers:0]]
[2022.04.24-23.08.46:556][  0]LogConfig: Setting CVar [[gc.MultithreadedDestructionEnabled:1]]
[2022.04.24-23.08.46:556][  0]LogConfig: Applying CVar settings from Section [/Script/Engine.NetworkSettings] File [C:/Users/Home/Desktop/Projects/Basic-Game-Development/Bellz/Saved/Config/Windows/Engine.ini]
[2022.04.24-23.08.46:556][  0]LogConfig: Applying CVar settings from Section [/Script/UnrealEd.CookerSettings] File [C:/Users/Home/Desktop/Projects/Basic-Game-Development/Bellz/Saved/Config/Windows/Engine.ini]
[2022.04.24-23.08.46:570][  0]LogConfig: Applying CVar settings from Section [ViewDistanceQuality@3] File [C:/Users/Home/Desktop/Projects/Basic-Game-Development/Bellz/Saved/Config/Windows/Scalability.ini]
[2022.04.24-23.08.46:570][  0]LogConfig: Setting CVar [[r.SkeletalMeshLODBias:0]]
[2022.04.24-23.08.46:570][  0]LogConfig: Setting CVar [[r.ViewDistanceScale:1.0]]
[2022.04.24-23.08.46:570][  0]LogConfig: Applying CVar settings from Section [AntiAliasingQuality@3] File [C:/Users/Home/Desktop/Projects/Basic-Game-Development/Bellz/Saved/Config/Windows/Scalability.ini]
[2022.04.24-23.08.46:570][  0]LogConfig: Setting CVar [[r.PostProcessAAQuality:4]]
[2022.04.24-23.08.46:570][  0]LogConfig: Applying CVar settings from Section [ShadowQuality@3] File [C:/Users/Home/Desktop/Projects/Basic-Game-Development/Bellz/Saved/Config/Windows/Scalability.ini]
[2022.04.24-23.08.46:570][  0]LogConfig: Setting CVar [[r.LightFunctionQuality:1]]
[2022.04.24-23.08.46:570][  0]LogConfig: Setting CVar [[r.ShadowQuality:5]]
[2022.04.24-23.08.46:570][  0]LogConfig: Setting CVar [[r.Shadow.CSM.MaxCascades:10]]
[2022.04.24-23.08.46:570][  0]LogConfig: Setting CVar [[r.Shadow.MaxResolution:2048]]
[2022.04.24-23.08.46:570][  0]LogConfig: Setting CVar [[r.Shadow.MaxCSMResolution:2048]]
[2022.04.24-23.08.46:570][  0]LogConfig: Setting CVar [[r.Shadow.RadiusThreshold:0.01]]
[2022.04.24-23.08.46:570][  0]LogConfig: Setting CVar [[r.Shadow.DistanceScale:1.0]]
[2022.04.24-23.08.46:570][  0]LogConfig: Setting CVar [[r.Shadow.CSM.TransitionScale:1.0]]
[2022.04.24-23.08.46:570][  0]LogConfig: Setting CVar [[r.Shadow.PreShadowResolutionFactor:1.0]]
[2022.04.24-23.08.46:570][  0]LogConfig: Setting CVar [[r.DistanceFieldShadowing:1]]
[2022.04.24-23.08.46:570][  0]LogConfig: Setting CVar [[r.DistanceFieldAO:1]]
[2022.04.24-23.08.46:570][  0]LogConfig: Setting CVar [[r.AOQuality:2]]
[2022.04.24-23.08.46:570][  0]LogConfig: Setting CVar [[r.VolumetricFog:1]]
[2022.04.24-23.08.46:570][  0]LogConfig: Setting CVar [[r.VolumetricFog.GridPixelSize:8]]
[2022.04.24-23.08.46:570][  0]LogConfig: Setting CVar [[r.VolumetricFog.GridSizeZ:128]]
[2022.04.24-23.08.46:570][  0]LogConfig: Setting CVar [[r.VolumetricFog.HistoryMissSupersampleCount:4]]
[2022.04.24-23.08.46:570][  0]LogConfig: Setting CVar [[r.LightMaxDrawDistanceScale:1]]
[2022.04.24-23.08.46:570][  0]LogConfig: Setting CVar [[r.CapsuleShadows:1]]
[2022.04.24-23.08.46:570][  0]LogConfig: Applying CVar settings from Section [PostProcessQuality@3] File [C:/Users/Home/Desktop/Projects/Basic-Game-Development/Bellz/Saved/Config/Windows/Scalability.ini]
[2022.04.24-23.08.46:570][  0]LogConfig: Setting CVar [[r.MotionBlurQuality:4]]
[2022.04.24-23.08.46:570][  0]LogConfig: Setting CVar [[r.AmbientOcclusionMipLevelFactor:0.4]]
[2022.04.24-23.08.46:570][  0]LogConfig: Setting CVar [[r.AmbientOcclusionMaxQuality:100]]
[2022.04.24-23.08.46:570][  0]LogConfig: Setting CVar [[r.AmbientOcclusionLevels:-1]]
[2022.04.24-23.08.46:570][  0]LogConfig: Setting CVar [[r.AmbientOcclusionRadiusScale:1.0]]
[2022.04.24-23.08.46:570][  0]LogConfig: Setting CVar [[r.DepthOfFieldQuality:2]]
[2022.04.24-23.08.46:570][  0]LogConfig: Setting CVar [[r.RenderTargetPoolMin:400]]
[2022.04.24-23.08.46:570][  0]LogConfig: Setting CVar [[r.LensFlareQuality:2]]
[2022.04.24-23.08.46:571][  0]LogConfig: Setting CVar [[r.SceneColorFringeQuality:1]]
[2022.04.24-23.08.46:571][  0]LogConfig: Setting CVar [[r.EyeAdaptationQuality:2]]
[2022.04.24-23.08.46:571][  0]LogConfig: Setting CVar [[r.BloomQuality:5]]
[2022.04.24-23.08.46:571][  0]LogConfig: Setting CVar [[r.FastBlurThreshold:100]]
[2022.04.24-23.08.46:571][  0]LogConfig: Setting CVar [[r.Upscale.Quality:3]]
[2022.04.24-23.08.46:571][  0]LogConfig: Setting CVar [[r.Tonemapper.GrainQuantization:1]]
[2022.04.24-23.08.46:571][  0]LogConfig: Setting CVar [[r.LightShaftQuality:1]]
[2022.04.24-23.08.46:571][  0]LogConfig: Setting CVar [[r.Filter.SizeScale:1]]
[2022.04.24-23.08.46:571][  0]LogConfig: Setting CVar [[r.Tonemapper.Quality:5]]
[2022.04.24-23.08.46:571][  0]LogConfig: Setting CVar [[r.DOF.Gather.AccumulatorQuality:1        ; higher gathering accumulator quality]]
[2022.04.24-23.08.46:571][  0]LogConfig: Setting CVar [[r.DOF.Gather.PostfilterMethod:1          ; Median3x3 postfilering method]]
[2022.04.24-23.08.46:571][  0]LogConfig: Setting CVar [[r.DOF.Gather.EnableBokehSettings:0       ; no bokeh simulation when gathering]]
[2022.04.24-23.08.46:571][  0]LogConfig: Setting CVar [[r.DOF.Gather.RingCount:4                 ; medium number of samples when gathering]]
[2022.04.24-23.08.46:571][  0]LogConfig: Setting CVar [[r.DOF.Scatter.ForegroundCompositing:1    ; additive foreground scattering]]
[2022.04.24-23.08.46:571][  0]LogConfig: Setting CVar [[r.DOF.Scatter.BackgroundCompositing:2    ; additive background scattering]]
[2022.04.24-23.08.46:571][  0]LogConfig: Setting CVar [[r.DOF.Scatter.EnableBokehSettings:1      ; bokeh simulation when scattering]]
[2022.04.24-23.08.46:571][  0]LogConfig: Setting CVar [[r.DOF.Scatter.MaxSpriteRatio:0.1         ; only a maximum of 10% of scattered bokeh]]
[2022.04.24-23.08.46:571][  0]LogConfig: Setting CVar [[r.DOF.Recombine.Quality:1                ; cheap slight out of focus]]
[2022.04.24-23.08.46:571][  0]LogConfig: Setting CVar [[r.DOF.Recombine.EnableBokehSettings:0    ; no bokeh simulation on slight out of focus]]
[2022.04.24-23.08.46:571][  0]LogConfig: Setting CVar [[r.DOF.TemporalAAQuality:1                ; more stable temporal accumulation]]
[2022.04.24-23.08.46:571][  0]LogConfig: Setting CVar [[r.DOF.Kernel.MaxForegroundRadius:0.025]]
[2022.04.24-23.08.46:571][  0]LogConfig: Setting CVar [[r.DOF.Kernel.MaxBackgroundRadius:0.025]]
[2022.04.24-23.08.46:571][  0]LogConfig: Applying CVar settings from Section [TextureQuality@3] File [C:/Users/Home/Desktop/Projects/Basic-Game-Development/Bellz/Saved/Config/Windows/Scalability.ini]
[2022.04.24-23.08.46:571][  0]LogConfig: Setting CVar [[r.Streaming.MipBias:0]]
[2022.04.24-23.08.46:571][  0]LogConfig: Setting CVar [[r.Streaming.AmortizeCPUToGPUCopy:0]]
[2022.04.24-23.08.46:571][  0]LogConfig: Setting CVar [[r.Streaming.MaxNumTexturesToStreamPerFrame:0]]
[2022.04.24-23.08.46:571][  0]LogConfig: Setting CVar [[r.Streaming.Boost:1]]
[2022.04.24-23.08.46:571][  0]LogConfig: Setting CVar [[r.MaxAnisotropy:8]]
[2022.04.24-23.08.46:571][  0]LogConfig: Setting CVar [[r.VT.MaxAnisotropy:8]]
[2022.04.24-23.08.46:571][  0]LogConfig: Setting CVar [[r.Streaming.LimitPoolSizeToVRAM:0]]
[2022.04.24-23.08.46:571][  0]LogConfig: Setting CVar [[r.Streaming.PoolSize:1000]]
[2022.04.24-23.08.46:571][  0]LogConfig: Setting CVar [[r.Streaming.MaxEffectiveScreenSize:0]]
[2022.04.24-23.08.46:571][  0]LogConfig: Applying CVar settings from Section [EffectsQuality@3] File [C:/Users/Home/Desktop/Projects/Basic-Game-Development/Bellz/Saved/Config/Windows/Scalability.ini]
[2022.04.24-23.08.46:571][  0]LogConfig: Setting CVar [[r.TranslucencyLightingVolumeDim:64]]
[2022.04.24-23.08.46:571][  0]LogConfig: Setting CVar [[r.RefractionQuality:2]]
[2022.04.24-23.08.46:572][  0]LogConfig: Setting CVar [[r.SSR.Quality:3]]
[2022.04.24-23.08.46:572][  0]LogConfig: Setting CVar [[r.SSR.HalfResSceneColor:0]]
[2022.04.24-23.08.46:572][  0]LogConfig: Setting CVar [[r.SceneColorFormat:4]]
[2022.04.24-23.08.46:572][  0]LogConfig: Setting CVar [[r.DetailMode:2]]
[2022.04.24-23.08.46:572][  0]LogConfig: Setting CVar [[r.TranslucencyVolumeBlur:1]]
[2022.04.24-23.08.46:572][  0]LogConfig: Setting CVar [[r.MaterialQualityLevel:1 ; High quality]]
[2022.04.24-23.08.46:572][  0]LogConfig: Setting CVar [[r.AnisotropicMaterials:1]]
[2022.04.24-23.08.46:572][  0]LogConfig: Setting CVar [[r.SSS.Scale:1]]
[2022.04.24-23.08.46:572][  0]LogConfig: Setting CVar [[r.SSS.SampleSet:2]]
[2022.04.24-23.08.46:572][  0]LogConfig: Setting CVar [[r.SSS.Quality:1]]
[2022.04.24-23.08.46:572][  0]LogConfig: Setting CVar [[r.SSS.HalfRes:0]]
[2022.04.24-23.08.46:572][  0]LogConfig: Setting CVar [[r.SSGI.Quality:3]]
[2022.04.24-23.08.46:572][  0]LogConfig: Setting CVar [[r.EmitterSpawnRateScale:1.0]]
[2022.04.24-23.08.46:572][  0]LogConfig: Setting CVar [[r.ParticleLightQuality:2]]
[2022.04.24-23.08.46:572][  0]LogConfig: Setting CVar [[r.SkyAtmosphere.AerialPerspectiveLUT.FastApplyOnOpaque:1 ; Always have FastSkyLUT 1 in this case to avoid wrong sky]]
[2022.04.24-23.08.46:572][  0]LogConfig: Setting CVar [[r.SkyAtmosphere.AerialPerspectiveLUT.SampleCountMaxPerSlice:4]]
[2022.04.24-23.08.46:572][  0]LogConfig: Setting CVar [[r.SkyAtmosphere.AerialPerspectiveLUT.DepthResolution:16.0]]
[2022.04.24-23.08.46:572][  0]LogConfig: Setting CVar [[r.SkyAtmosphere.FastSkyLUT:1]]
[2022.04.24-23.08.46:572][  0]LogConfig: Setting CVar [[r.SkyAtmosphere.FastSkyLUT.SampleCountMin:4.0]]
[2022.04.24-23.08.46:572][  0]LogConfig: Setting CVar [[r.SkyAtmosphere.FastSkyLUT.SampleCountMax:128.0]]
[2022.04.24-23.08.46:572][  0]LogConfig: Setting CVar [[r.SkyAtmosphere.SampleCountMin:4.0]]
[2022.04.24-23.08.46:572][  0]LogConfig: Setting CVar [[r.SkyAtmosphere.SampleCountMax:128.0]]
[2022.04.24-23.08.46:572][  0]LogConfig: Setting CVar [[r.SkyAtmosphere.TransmittanceLUT.UseSmallFormat:0]]
[2022.04.24-23.08.46:572][  0]LogConfig: Setting CVar [[r.SkyAtmosphere.TransmittanceLUT.SampleCount:10.0]]
[2022.04.24-23.08.46:572][  0]LogConfig: Setting CVar [[r.SkyAtmosphere.MultiScatteringLUT.SampleCount:15.0]]
[2022.04.24-23.08.46:572][  0]LogConfig: Setting CVar [[r.SkyLight.RealTimeReflectionCapture:1]]
[2022.04.24-23.08.46:572][  0]LogConfig: Applying CVar settings from Section [FoliageQuality@3] File [C:/Users/Home/Desktop/Projects/Basic-Game-Development/Bellz/Saved/Config/Windows/Scalability.ini]
[2022.04.24-23.08.46:572][  0]LogConfig: Setting CVar [[foliage.DensityScale:1.0]]
[2022.04.24-23.08.46:572][  0]LogConfig: Setting CVar [[grass.DensityScale:1.0]]
[2022.04.24-23.08.46:572][  0]LogConfig: Applying CVar settings from Section [ShadingQuality@3] File [C:/Users/Home/Desktop/Projects/Basic-Game-Development/Bellz/Saved/Config/Windows/Scalability.ini]
[2022.04.24-23.08.46:572][  0]LogConfig: Setting CVar [[r.HairStrands.SkyLighting.IntegrationType:2]]
[2022.04.24-23.08.46:572][  0]LogConfig: Setting CVar [[r.HairStrands.SkyAO.SampleCount:4]]
[2022.04.24-23.08.46:572][  0]LogConfig: Setting CVar [[r.HairStrands.Visibility.MSAA.SamplePerPixel:4]]
[2022.04.24-23.08.46:573][  0]LogInit: Selected Device Profile: [Windows]
[2022.04.24-23.08.46:573][  0]LogInit: Applying CVar settings loaded from the selected device profile: [Windows]
[2022.04.24-23.08.46:573][  0]LogHAL: Display: Platform has ~ 16 GB [17013256192 / 17179869184 / 16], which maps to Larger [LargestMinGB=32, LargerMinGB=12, DefaultMinGB=8, SmallerMinGB=6, SmallestMinGB=0)
[2022.04.24-23.08.46:573][  0]LogInit: Going up to parent DeviceProfile []
[2022.04.24-23.08.46:573][  0]LogConfig: Applying CVar settings from Section [ViewDistanceQuality@3] File [C:/Users/Home/Desktop/Projects/Basic-Game-Development/Bellz/Saved/Config/Windows/Scalability.ini]
[2022.04.24-23.08.46:573][  0]LogConfig: Setting CVar [[r.SkeletalMeshLODBias:0]]
[2022.04.24-23.08.46:573][  0]LogConfig: Setting CVar [[r.ViewDistanceScale:1.0]]
[2022.04.24-23.08.46:573][  0]LogConfig: Applying CVar settings from Section [AntiAliasingQuality@3] File [C:/Users/Home/Desktop/Projects/Basic-Game-Development/Bellz/Saved/Config/Windows/Scalability.ini]
[2022.04.24-23.08.46:573][  0]LogConfig: Setting CVar [[r.PostProcessAAQuality:4]]
[2022.04.24-23.08.46:573][  0]LogConfig: Applying CVar settings from Section [ShadowQuality@3] File [C:/Users/Home/Desktop/Projects/Basic-Game-Development/Bellz/Saved/Config/Windows/Scalability.ini]
[2022.04.24-23.08.46:573][  0]LogConfig: Setting CVar [[r.LightFunctionQuality:1]]
[2022.04.24-23.08.46:573][  0]LogConfig: Setting CVar [[r.ShadowQuality:5]]
[2022.04.24-23.08.46:573][  0]LogConfig: Setting CVar [[r.Shadow.CSM.MaxCascades:10]]
[2022.04.24-23.08.46:573][  0]LogConfig: Setting CVar [[r.Shadow.MaxResolution:2048]]
[2022.04.24-23.08.46:573][  0]LogConfig: Setting CVar [[r.Shadow.MaxCSMResolution:2048]]
[2022.04.24-23.08.46:573][  0]LogConfig: Setting CVar [[r.Shadow.RadiusThreshold:0.01]]
[2022.04.24-23.08.46:573][  0]LogConfig: Setting CVar [[r.Shadow.DistanceScale:1.0]]
[2022.04.24-23.08.46:573][  0]LogConfig: Setting CVar [[r.Shadow.CSM.TransitionScale:1.0]]
[2022.04.24-23.08.46:573][  0]LogConfig: Setting CVar [[r.Shadow.PreShadowResolutionFactor:1.0]]
[2022.04.24-23.08.46:573][  0]LogConfig: Setting CVar [[r.DistanceFieldShadowing:1]]
[2022.04.24-23.08.46:573][  0]LogConfig: Setting CVar [[r.DistanceFieldAO:1]]
[2022.04.24-23.08.46:573][  0]LogConfig: Setting CVar [[r.AOQuality:2]]
[2022.04.24-23.08.46:573][  0]LogConfig: Setting CVar [[r.VolumetricFog:1]]
[2022.04.24-23.08.46:573][  0]LogConfig: Setting CVar [[r.VolumetricFog.GridPixelSize:8]]
[2022.04.24-23.08.46:573][  0]LogConfig: Setting CVar [[r.VolumetricFog.GridSizeZ:128]]
[2022.04.24-23.08.46:573][  0]LogConfig: Setting CVar [[r.VolumetricFog.HistoryMissSupersampleCount:4]]
[2022.04.24-23.08.46:573][  0]LogConfig: Setting CVar [[r.LightMaxDrawDistanceScale:1]]
[2022.04.24-23.08.46:573][  0]LogConfig: Setting CVar [[r.CapsuleShadows:1]]
[2022.04.24-23.08.46:573][  0]LogConfig: Applying CVar settings from Section [PostProcessQuality@3] File [C:/Users/Home/Desktop/Projects/Basic-Game-Development/Bellz/Saved/Config/Windows/Scalability.ini]
[2022.04.24-23.08.46:573][  0]LogConfig: Setting CVar [[r.MotionBlurQuality:4]]
[2022.04.24-23.08.46:573][  0]LogConfig: Setting CVar [[r.AmbientOcclusionMipLevelFactor:0.4]]
[2022.04.24-23.08.46:573][  0]LogConfig: Setting CVar [[r.AmbientOcclusionMaxQuality:100]]
[2022.04.24-23.08.46:574][  0]LogConfig: Setting CVar [[r.AmbientOcclusionLevels:-1]]
[2022.04.24-23.08.46:574][  0]LogConfig: Setting CVar [[r.AmbientOcclusionRadiusScale:1.0]]
[2022.04.24-23.08.46:574][  0]LogConfig: Setting CVar [[r.DepthOfFieldQuality:2]]
[2022.04.24-23.08.46:574][  0]LogConfig: Setting CVar [[r.RenderTargetPoolMin:400]]
[2022.04.24-23.08.46:574][  0]LogConfig: Setting CVar [[r.LensFlareQuality:2]]
[2022.04.24-23.08.46:574][  0]LogConfig: Setting CVar [[r.SceneColorFringeQuality:1]]
[2022.04.24-23.08.46:574][  0]LogConfig: Setting CVar [[r.EyeAdaptationQuality:2]]
[2022.04.24-23.08.46:574][  0]LogConfig: Setting CVar [[r.BloomQuality:5]]
[2022.04.24-23.08.46:574][  0]LogConfig: Setting CVar [[r.FastBlurThreshold:100]]
[2022.04.24-23.08.46:574][  0]LogConfig: Setting CVar [[r.Upscale.Quality:3]]
[2022.04.24-23.08.46:574][  0]LogConfig: Setting CVar [[r.Tonemapper.GrainQuantization:1]]
[2022.04.24-23.08.46:574][  0]LogConfig: Setting CVar [[r.LightShaftQuality:1]]
[2022.04.24-23.08.46:574][  0]LogConfig: Setting CVar [[r.Filter.SizeScale:1]]
[2022.04.24-23.08.46:574][  0]LogConfig: Setting CVar [[r.Tonemapper.Quality:5]]
[2022.04.24-23.08.46:574][  0]LogConfig: Setting CVar [[r.DOF.Gather.AccumulatorQuality:1        ; higher gathering accumulator quality]]
[2022.04.24-23.08.46:574][  0]LogConfig: Setting CVar [[r.DOF.Gather.PostfilterMethod:1          ; Median3x3 postfilering method]]
[2022.04.24-23.08.46:574][  0]LogConfig: Setting CVar [[r.DOF.Gather.EnableBokehSettings:0       ; no bokeh simulation when gathering]]
[2022.04.24-23.08.46:574][  0]LogConfig: Setting CVar [[r.DOF.Gather.RingCount:4                 ; medium number of samples when gathering]]
[2022.04.24-23.08.46:574][  0]LogConfig: Setting CVar [[r.DOF.Scatter.ForegroundCompositing:1    ; additive foreground scattering]]
[2022.04.24-23.08.46:574][  0]LogConfig: Setting CVar [[r.DOF.Scatter.BackgroundCompositing:2    ; additive background scattering]]
[2022.04.24-23.08.46:574][  0]LogConfig: Setting CVar [[r.DOF.Scatter.EnableBokehSettings:1      ; bokeh simulation when scattering]]
[2022.04.24-23.08.46:574][  0]LogConfig: Setting CVar [[r.DOF.Scatter.MaxSpriteRatio:0.1         ; only a maximum of 10% of scattered bokeh]]
[2022.04.24-23.08.46:574][  0]LogConfig: Setting CVar [[r.DOF.Recombine.Quality:1                ; cheap slight out of focus]]
[2022.04.24-23.08.46:574][  0]LogConfig: Setting CVar [[r.DOF.Recombine.EnableBokehSettings:0    ; no bokeh simulation on slight out of focus]]
[2022.04.24-23.08.46:574][  0]LogConfig: Setting CVar [[r.DOF.TemporalAAQuality:1                ; more stable temporal accumulation]]
[2022.04.24-23.08.46:574][  0]LogConfig: Setting CVar [[r.DOF.Kernel.MaxForegroundRadius:0.025]]
[2022.04.24-23.08.46:574][  0]LogConfig: Setting CVar [[r.DOF.Kernel.MaxBackgroundRadius:0.025]]
[2022.04.24-23.08.46:574][  0]LogConfig: Applying CVar settings from Section [TextureQuality@3] File [C:/Users/Home/Desktop/Projects/Basic-Game-Development/Bellz/Saved/Config/Windows/Scalability.ini]
[2022.04.24-23.08.46:574][  0]LogConfig: Setting CVar [[r.Streaming.MipBias:0]]
[2022.04.24-23.08.46:574][  0]LogConfig: Setting CVar [[r.Streaming.AmortizeCPUToGPUCopy:0]]
[2022.04.24-23.08.46:574][  0]LogConfig: Setting CVar [[r.Streaming.MaxNumTexturesToStreamPerFrame:0]]
[2022.04.24-23.08.46:574][  0]LogConfig: Setting CVar [[r.Streaming.Boost:1]]
[2022.04.24-23.08.46:574][  0]LogConfig: Setting CVar [[r.MaxAnisotropy:8]]
[2022.04.24-23.08.46:574][  0]LogConfig: Setting CVar [[r.VT.MaxAnisotropy:8]]
[2022.04.24-23.08.46:574][  0]LogConfig: Setting CVar [[r.Streaming.LimitPoolSizeToVRAM:0]]
[2022.04.24-23.08.46:574][  0]LogConfig: Setting CVar [[r.Streaming.PoolSize:1000]]
[2022.04.24-23.08.46:574][  0]LogConfig: Setting CVar [[r.Streaming.MaxEffectiveScreenSize:0]]
[2022.04.24-23.08.46:574][  0]LogConfig: Applying CVar settings from Section [EffectsQuality@3] File [C:/Users/Home/Desktop/Projects/Basic-Game-Development/Bellz/Saved/Config/Windows/Scalability.ini]
[2022.04.24-23.08.46:574][  0]LogConfig: Setting CVar [[r.TranslucencyLightingVolumeDim:64]]
[2022.04.24-23.08.46:574][  0]LogConfig: Setting CVar [[r.RefractionQuality:2]]
[2022.04.24-23.08.46:574][  0]LogConfig: Setting CVar [[r.SSR.Quality:3]]
[2022.04.24-23.08.46:574][  0]LogConfig: Setting CVar [[r.SSR.HalfResSceneColor:0]]
[2022.04.24-23.08.46:574][  0]LogConfig: Setting CVar [[r.SceneColorFormat:4]]
[2022.04.24-23.08.46:574][  0]LogConfig: Setting CVar [[r.DetailMode:2]]
[2022.04.24-23.08.46:575][  0]LogConfig: Setting CVar [[r.TranslucencyVolumeBlur:1]]
[2022.04.24-23.08.46:575][  0]LogConfig: Setting CVar [[r.MaterialQualityLevel:1 ; High quality]]
[2022.04.24-23.08.46:575][  0]LogConfig: Setting CVar [[r.AnisotropicMaterials:1]]
[2022.04.24-23.08.46:575][  0]LogConfig: Setting CVar [[r.SSS.Scale:1]]
[2022.04.24-23.08.46:575][  0]LogConfig: Setting CVar [[r.SSS.SampleSet:2]]
[2022.04.24-23.08.46:575][  0]LogConfig: Setting CVar [[r.SSS.Quality:1]]
[2022.04.24-23.08.46:575][  0]LogConfig: Setting CVar [[r.SSS.HalfRes:0]]
[2022.04.24-23.08.46:575][  0]LogConfig: Setting CVar [[r.SSGI.Quality:3]]
[2022.04.24-23.08.46:575][  0]LogConfig: Setting CVar [[r.EmitterSpawnRateScale:1.0]]
[2022.04.24-23.08.46:575][  0]LogConfig: Setting CVar [[r.ParticleLightQuality:2]]
[2022.04.24-23.08.46:575][  0]LogConfig: Setting CVar [[r.SkyAtmosphere.AerialPerspectiveLUT.FastApplyOnOpaque:1 ; Always have FastSkyLUT 1 in this case to avoid wrong sky]]
[2022.04.24-23.08.46:575][  0]LogConfig: Setting CVar [[r.SkyAtmosphere.AerialPerspectiveLUT.SampleCountMaxPerSlice:4]]
[2022.04.24-23.08.46:575][  0]LogConfig: Setting CVar [[r.SkyAtmosphere.AerialPerspectiveLUT.DepthResolution:16.0]]
[2022.04.24-23.08.46:575][  0]LogConfig: Setting CVar [[r.SkyAtmosphere.FastSkyLUT:1]]
[2022.04.24-23.08.46:575][  0]LogConfig: Setting CVar [[r.SkyAtmosphere.FastSkyLUT.SampleCountMin:4.0]]
[2022.04.24-23.08.46:575][  0]LogConfig: Setting CVar [[r.SkyAtmosphere.FastSkyLUT.SampleCountMax:128.0]]
[2022.04.24-23.08.46:575][  0]LogConfig: Setting CVar [[r.SkyAtmosphere.SampleCountMin:4.0]]
[2022.04.24-23.08.46:575][  0]LogConfig: Setting CVar [[r.SkyAtmosphere.SampleCountMax:128.0]]
[2022.04.24-23.08.46:575][  0]LogConfig: Setting CVar [[r.SkyAtmosphere.TransmittanceLUT.UseSmallFormat:0]]
[2022.04.24-23.08.46:575][  0]LogConfig: Setting CVar [[r.SkyAtmosphere.TransmittanceLUT.SampleCount:10.0]]
[2022.04.24-23.08.46:575][  0]LogConfig: Setting CVar [[r.SkyAtmosphere.MultiScatteringLUT.SampleCount:15.0]]
[2022.04.24-23.08.46:575][  0]LogConfig: Setting CVar [[r.SkyLight.RealTimeReflectionCapture:1]]
[2022.04.24-23.08.46:575][  0]LogConfig: Applying CVar settings from Section [FoliageQuality@3] File [C:/Users/Home/Desktop/Projects/Basic-Game-Development/Bellz/Saved/Config/Windows/Scalability.ini]
[2022.04.24-23.08.46:575][  0]LogConfig: Setting CVar [[foliage.DensityScale:1.0]]
[2022.04.24-23.08.46:575][  0]LogConfig: Setting CVar [[grass.DensityScale:1.0]]
[2022.04.24-23.08.46:575][  0]LogConfig: Applying CVar settings from Section [ShadingQuality@3] File [C:/Users/Home/Desktop/Projects/Basic-Game-Development/Bellz/Saved/Config/Windows/Scalability.ini]
[2022.04.24-23.08.46:575][  0]LogConfig: Setting CVar [[r.HairStrands.SkyLighting.IntegrationType:2]]
[2022.04.24-23.08.46:575][  0]LogConfig: Setting CVar [[r.HairStrands.SkyAO.SampleCount:4]]
[2022.04.24-23.08.46:575][  0]LogConfig: Setting CVar [[r.HairStrands.Visibility.MSAA.SamplePerPixel:4]]
[2022.04.24-23.08.46:575][  0]LogConfig: Applying CVar settings from Section [Startup] File [../../../Engine/Config/ConsoleVariables.ini]
[2022.04.24-23.08.46:576][  0]LogConfig: Setting CVar [[net.UseAdaptiveNetUpdateFrequency:0]]
[2022.04.24-23.08.46:576][  0]LogConfig: Setting CVar [[p.chaos.AllowCreatePhysxBodies:1]]
[2022.04.24-23.08.46:576][  0]LogConfig: Setting CVar [[fx.SkipVectorVMBackendOptimizations:1]]
[2022.04.24-23.08.46:576][  0]LogConfig: Applying CVar settings from Section [ConsoleVariables] File [C:/Users/Home/Desktop/Projects/Basic-Game-Development/Bellz/Saved/Config/Windows/Engine.ini]
[2022.04.24-23.08.46:576][  0]LogConfig: Applying CVar settings from Section [ConsoleVariables] File [C:/Users/Home/Desktop/Projects/Basic-Game-Development/Bellz/Saved/Config/Windows/Editor.ini]
[2022.04.24-23.08.46:576][  0]LogInit: Computer: MSI-GS73-8RF
[2022.04.24-23.08.46:576][  0]LogInit: User: Home
[2022.04.24-23.08.46:576][  0]LogInit: CPU Page size=4096, Cores=6
[2022.04.24-23.08.46:576][  0]LogInit: High frequency timer resolution =10.000000 MHz
[2022.04.24-23.08.46:576][  0]LogMemory: Memory total: Physical=15.8GB (16GB approx)
[2022.04.24-23.08.46:576][  0]LogMemory: Platform Memory Stats for Windows
[2022.04.24-23.08.46:576][  0]LogMemory: Process Physical Memory: 143.23 MB used, 143.23 MB peak
[2022.04.24-23.08.46:576][  0]LogMemory: Process Virtual Memory: 125.88 MB used, 125.88 MB peak
[2022.04.24-23.08.46:576][  0]LogMemory: Physical Memory: 7826.48 MB used,  8398.62 MB free, 16225.11 MB total
[2022.04.24-23.08.46:576][  0]LogMemory: Virtual Memory: 134195920.00 MB used,  21809.35 MB free, 134217728.00 MB total
[2022.04.24-23.08.46:632][  0]LogWindows: WindowsPlatformFeatures enabled
[2022.04.24-23.08.46:709][  0]LogInit: Physics initialised using underlying interface: PhysX
[2022.04.24-23.08.46:710][  0]LogInit: Using OS detected language (ko-KR).
[2022.04.24-23.08.46:710][  0]LogInit: Using OS detected locale (ko-KR).
[2022.04.24-23.08.46:714][  0]LogTextLocalizationManager: No specific localization for 'ko-KR' exists, so the 'ko' localization will be used.
[2022.04.24-23.08.46:946][  0]LogWindowsTextInputMethodSystem: Display: IME system deactivated.
[2022.04.24-23.08.46:961][  0]LogSlate: New Slate User Created.  User Index 0, Is Virtual User: 0
[2022.04.24-23.08.46:962][  0]LogSlate: Slate User Registered.  User Index 0, Is Virtual User: 0
[2022.04.24-23.08.47:178][  0]LogD3D11RHI: Loaded GFSDK_Aftermath_Lib.x64.dll
[2022.04.24-23.08.47:264][  0]LogHMD: Failed to initialize OpenVR with code 110
[2022.04.24-23.08.47:264][  0]LogD3D11RHI: D3D11 min allowed feature level: 11_0
[2022.04.24-23.08.47:264][  0]LogD3D11RHI: D3D11 max allowed feature level: 11_0
[2022.04.24-23.08.47:264][  0]LogD3D11RHI: D3D11 adapters:
[2022.04.24-23.08.47:447][  0]LogD3D11RHI:    0. 'NVIDIA GeForce GTX 1070 with Max-Q Design' (Feature Level 11_0)
[2022.04.24-23.08.47:447][  0]LogD3D11RHI:       8081/0/8112 MB DedicatedVideo/DedicatedSystem/SharedSystem, Outputs:1, VendorId:0x10de
[2022.04.24-23.08.47:466][  0]LogD3D11RHI:    1. 'Intel(R) UHD Graphics 630' (Feature Level 11_0)
[2022.04.24-23.08.47:466][  0]LogD3D11RHI:       128/0/8112 MB DedicatedVideo/DedicatedSystem/SharedSystem, Outputs:0, VendorId:0x8086
[2022.04.24-23.08.47:469][  0]LogD3D11RHI:    2. 'Microsoft Basic Render Driver' (Feature Level 11_0)
[2022.04.24-23.08.47:469][  0]LogD3D11RHI:       0/0/8112 MB DedicatedVideo/DedicatedSystem/SharedSystem, Outputs:0, VendorId:0x1414
[2022.04.24-23.08.47:469][  0]LogD3D11RHI: Chosen D3D11 Adapter:
[2022.04.24-23.08.47:469][  0]LogD3D11RHI:     Description : NVIDIA GeForce GTX 1070 with Max-Q Design
[2022.04.24-23.08.47:469][  0]LogD3D11RHI:     VendorId    : 10de
[2022.04.24-23.08.47:469][  0]LogD3D11RHI:     DeviceId    : 1ba1
[2022.04.24-23.08.47:469][  0]LogD3D11RHI:     SubSysId    : 12251462
[2022.04.24-23.08.47:469][  0]LogD3D11RHI:     Revision    : 00a1
[2022.04.24-23.08.47:469][  0]LogD3D11RHI:     DedicatedVideoMemory : 8473542656 bytes
[2022.04.24-23.08.47:469][  0]LogD3D11RHI:     DedicatedSystemMemory : 0 bytes
[2022.04.24-23.08.47:469][  0]LogD3D11RHI:     SharedSystemMemory : 8506628096 bytes
[2022.04.24-23.08.47:469][  0]LogD3D11RHI:     AdapterLuid : 0 60162
[2022.04.24-23.08.47:477][  0]LogD3D11RHI: Creating new Direct3DDevice
[2022.04.24-23.08.47:477][  0]LogD3D11RHI:     GPU DeviceId: 0x1ba1 (for the marketing name, search the web for "GPU Device Id")
[2022.04.24-23.08.47:477][  0]LogWindows: EnumDisplayDevices:
[2022.04.24-23.08.47:477][  0]LogWindows:    0. 'Intel(R) UHD Graphics 630' (P:1 D:1)
[2022.04.24-23.08.47:478][  0]LogWindows:    1. 'Intel(R) UHD Graphics 630' (P:0 D:0)
[2022.04.24-23.08.47:478][  0]LogWindows:    2. 'Intel(R) UHD Graphics 630' (P:0 D:0)
[2022.04.24-23.08.47:479][  0]LogWindows:    3. 'NVIDIA GeForce GTX 1070 with Max-Q Design' (P:0 D:0)
[2022.04.24-23.08.47:479][  0]LogWindows:    4. 'NVIDIA GeForce GTX 1070 with Max-Q Design' (P:0 D:0)
[2022.04.24-23.08.47:480][  0]LogWindows:    5. 'NVIDIA GeForce GTX 1070 with Max-Q Design' (P:0 D:0)
[2022.04.24-23.08.47:480][  0]LogWindows:    6. 'NVIDIA GeForce GTX 1070 with Max-Q Design' (P:0 D:0)
[2022.04.24-23.08.47:480][  0]LogWindows: DebugString: PrimaryIsNotTheChoosenAdapter PrimaryIsNotTheChoosenAdapter PrimaryIsNotTheChoosenAdapter FoundDriverCount:4 
[2022.04.24-23.08.47:480][  0]LogD3D11RHI:     Adapter Name: NVIDIA GeForce GTX 1070 with Max-Q Design
[2022.04.24-23.08.47:480][  0]LogD3D11RHI:   Driver Version: 497.29 (internal:30.0.14.9729, unified:497.29)
[2022.04.24-23.08.47:481][  0]LogD3D11RHI:      Driver Date: 12-15-2021
[2022.04.24-23.08.47:481][  0]LogRHI: Texture pool is 5656 MB (70% of 8081 MB)
[2022.04.24-23.08.47:481][  0]LogD3D11RHI: Creating D3DDevice using adapter:
[2022.04.24-23.08.47:481][  0]LogD3D11RHI:     Description : NVIDIA GeForce GTX 1070 with Max-Q Design
[2022.04.24-23.08.47:481][  0]LogD3D11RHI:     VendorId    : 10de
[2022.04.24-23.08.47:481][  0]LogD3D11RHI:     DeviceId    : 1ba1
[2022.04.24-23.08.47:481][  0]LogD3D11RHI:     SubSysId    : 12251462
[2022.04.24-23.08.47:481][  0]LogD3D11RHI:     Revision    : 00a1
[2022.04.24-23.08.47:481][  0]LogD3D11RHI:     DedicatedVideoMemory : 8473542656 bytes
[2022.04.24-23.08.47:481][  0]LogD3D11RHI:     DedicatedSystemMemory : 0 bytes
[2022.04.24-23.08.47:481][  0]LogD3D11RHI:     SharedSystemMemory : 8506628096 bytes
[2022.04.24-23.08.47:481][  0]LogD3D11RHI:     AdapterLuid : 0 60162
[2022.04.24-23.08.47:583][  0]LogD3D11RHI: RHI has support for 64 bit atomics
[2022.04.24-23.08.47:583][  0]LogD3D11RHI: Async texture creation enabled
[2022.04.24-23.08.47:583][  0]LogD3D11RHI: Array index from any shader is supported
[2022.04.24-23.08.47:611][  0]LogD3D11RHI: GPU Timing Frequency: 1000.000000 (Debug: 2 1)
[2022.04.24-23.08.47:691][  0]LogRHI: GeForceNow SDK initialized: 1
[2022.04.24-23.08.48:284][  0]LogTargetPlatformManager: Display: Loaded TargetPlatform 'AllDesktop'
[2022.04.24-23.08.48:320][  0]LogTargetPlatformManager: Display: Loaded TargetPlatform 'Android'
[2022.04.24-23.08.48:320][  0]LogTargetPlatformManager: Display: Loaded TargetPlatform 'Android_ASTC'
[2022.04.24-23.08.48:320][  0]LogTargetPlatformManager: Display: Loaded TargetPlatform 'Android_DXT'
[2022.04.24-23.08.48:320][  0]LogTargetPlatformManager: Display: Loaded TargetPlatform 'Android_ETC2'
[2022.04.24-23.08.48:320][  0]LogTargetPlatformManager: Display: Loaded TargetPlatform 'AndroidClient'
[2022.04.24-23.08.48:320][  0]LogTargetPlatformManager: Display: Loaded TargetPlatform 'Android_ASTCClient'
[2022.04.24-23.08.48:320][  0]LogTargetPlatformManager: Display: Loaded TargetPlatform 'Android_DXTClient'
[2022.04.24-23.08.48:320][  0]LogTargetPlatformManager: Display: Loaded TargetPlatform 'Android_ETC2Client'
[2022.04.24-23.08.48:320][  0]LogTargetPlatformManager: Display: Loaded TargetPlatform 'Android_Multi'
[2022.04.24-23.08.48:320][  0]LogTargetPlatformManager: Display: Loaded TargetPlatform 'Android_MultiClient'
[2022.04.24-23.08.48:351][  0]LogTargetPlatformManager: Display: Loaded TargetPlatform 'IOSClient'
[2022.04.24-23.08.48:351][  0]LogTargetPlatformManager: Display: Loaded TargetPlatform 'IOS'
[2022.04.24-23.08.48:367][  0]LogTargetPlatformManager: Display: Loaded TargetPlatform 'Linux'
[2022.04.24-23.08.48:375][  0]LogTargetPlatformManager: Display: Loaded TargetPlatform 'LinuxNoEditor'
[2022.04.24-23.08.48:382][  0]LogTargetPlatformManager: Display: Loaded TargetPlatform 'LinuxClient'
[2022.04.24-23.08.48:389][  0]LogTargetPlatformManager: Display: Loaded TargetPlatform 'LinuxServer'
[2022.04.24-23.08.48:404][  0]LogTargetPlatformManager: Display: Loaded TargetPlatform 'LinuxAArch64NoEditor'
[2022.04.24-23.08.48:411][  0]LogTargetPlatformManager: Display: Loaded TargetPlatform 'LinuxAArch64Client'
[2022.04.24-23.08.48:419][  0]LogTargetPlatformManager: Display: Loaded TargetPlatform 'LinuxAArch64Server'
[2022.04.24-23.08.48:459][  0]LogTargetPlatformManager: Display: Loaded TargetPlatform 'Lumin'
[2022.04.24-23.08.48:459][  0]LogTargetPlatformManager: Display: Loaded TargetPlatform 'LuminClient'
[2022.04.24-23.08.48:474][  0]LogTargetPlatformManager: Display: Loaded TargetPlatform 'MacNoEditor'
[2022.04.24-23.08.48:481][  0]LogTargetPlatformManager: Display: Loaded TargetPlatform 'Mac'
[2022.04.24-23.08.48:488][  0]LogTargetPlatformManager: Display: Loaded TargetPlatform 'MacClient'
[2022.04.24-23.08.48:495][  0]LogTargetPlatformManager: Display: Loaded TargetPlatform 'MacServer'
[2022.04.24-23.08.48:512][  0]LogTargetPlatformManager: Display: Loaded TargetPlatform 'TVOSClient'
[2022.04.24-23.08.48:512][  0]LogTargetPlatformManager: Display: Loaded TargetPlatform 'TVOS'
[2022.04.24-23.08.48:527][  0]LogTargetPlatformManager: Display: Loaded TargetPlatform 'WindowsNoEditor'
[2022.04.24-23.08.48:534][  0]LogTargetPlatformManager: Display: Loaded TargetPlatform 'Windows'
[2022.04.24-23.08.48:542][  0]LogTargetPlatformManager: Display: Loaded TargetPlatform 'WindowsClient'
[2022.04.24-23.08.48:549][  0]LogTargetPlatformManager: Display: Loaded TargetPlatform 'WindowsServer'
[2022.04.24-23.08.48:549][  0]LogTargetPlatformManager: Display: Building Assets For Windows
[2022.04.24-23.08.48:561][  0]LogAudioDebug: Display: Lib vorbis DLL was dynamically loaded.
[2022.04.24-23.08.48:610][  0]LogTextureFormatOodle: Display: Oodle Texture 2.9.0 init RDO Off
[2022.04.24-23.08.48:665][  0]LogRendererCore: Ray tracing is disabled. Reason: r.RayTracing=0.
[2022.04.24-23.08.48:665][  0]LogShaderCompilers: Guid format shader working directory is -14 characters bigger than the processId version (C:/Users/Home/Desktop/Projects/Basic-Game-Development/Bellz/Intermediate/Shaders/WorkingDirectory/1576/).
[2022.04.24-23.08.48:666][  0]LogShaderCompilers: Cleaned the shader compiler working directory 'C:/Users/Home/AppData/Local/Temp/UnrealShaderWorkingDir/D202C75F4AF182B534459FA03A44CAC0/'.
[2022.04.24-23.08.48:666][  0]LogXGEController: Cannot use XGE Controller as Incredibuild is not installed on this machine.
[2022.04.24-23.08.48:666][  0]LogShaderCompilers: Cannot use XGE Shader Compiler as Incredibuild is not installed on this machine.
[2022.04.24-23.08.48:666][  0]LogShaderCompilers: Display: Using Local Shader Compiler.
[2022.04.24-23.08.50:007][  0]LogDerivedDataCache: Display: Max Cache Size: 512 MB
[2022.04.24-23.08.50:101][  0]LogDerivedDataCache: Loaded boot cache 0.09s 94MB C:/Users/Home/AppData/Local/UnrealEngine/4.27/DerivedDataCache/Boot.ddc.
[2022.04.24-23.08.50:101][  0]LogDerivedDataCache: Display: Loaded Boot cache: C:/Users/Home/AppData/Local/UnrealEngine/4.27/DerivedDataCache/Boot.ddc
[2022.04.24-23.08.50:102][  0]LogDerivedDataCache: FDerivedDataBackendGraph:  Pak pak cache file C:/Users/Home/Desktop/Projects/Basic-Game-Development/Bellz/DerivedDataCache/DDC.ddp not found, will not use a pak cache.
[2022.04.24-23.08.50:102][  0]LogDerivedDataCache: Unable to find inner node Pak for hierarchical cache Hierarchy.
[2022.04.24-23.08.50:102][  0]LogDerivedDataCache: FDerivedDataBackendGraph:  CompressedPak pak cache file C:/Users/Home/Desktop/Projects/Basic-Game-Development/Bellz/DerivedDataCache/Compressed.ddp not found, will not use a pak cache.
[2022.04.24-23.08.50:102][  0]LogDerivedDataCache: Unable to find inner node CompressedPak for hierarchical cache Hierarchy.
[2022.04.24-23.08.50:131][  0]LogDerivedDataCache: Display: Pak cache opened for reading ../../../Engine/DerivedDataCache/Compressed.ddp.
[2022.04.24-23.08.50:131][  0]LogDerivedDataCache: FDerivedDataBackendGraph:  EnterprisePak pak cache file ../../../Enterprise/DerivedDataCache/Compressed.ddp not found, will not use a pak cache.
[2022.04.24-23.08.50:131][  0]LogDerivedDataCache: Unable to find inner node EnterprisePak for hierarchical cache Hierarchy.
[2022.04.24-23.08.50:145][  0]LogDerivedDataCache: Speed tests for C:/Users/Home/AppData/Local/UnrealEngine/Common/DerivedDataCache took 0.01 seconds
[2022.04.24-23.08.50:145][  0]LogDerivedDataCache: Display: Performance to C:/Users/Home/AppData/Local/UnrealEngine/Common/DerivedDataCache: Latency=0.07ms. RandomReadSpeed=721.41MBs, RandomWriteSpeed=84.24MBs. Assigned SpeedClass 'Local'
[2022.04.24-23.08.50:146][  0]LogDerivedDataCache: Using Local data cache path C:/Users/Home/AppData/Local/UnrealEngine/Common/DerivedDataCache: Writable
[2022.04.24-23.08.50:146][  0]LogDerivedDataCache: Shared data cache path not found in *engine.ini, will not use an Shared cache.
[2022.04.24-23.08.50:146][  0]LogDerivedDataCache: Unable to find inner node Shared for hierarchical cache Hierarchy.
[2022.04.24-23.08.50:234][  0]LogSlate: Using FreeType 2.10.0
[2022.04.24-23.08.50:234][  0]LogSlate: SlateFontServices - WITH_FREETYPE: 1, WITH_HARFBUZZ: 1
[2022.04.24-23.08.50:279][  0]LogAssetRegistry: FAssetRegistry took 0.0041 seconds to start up
[2022.04.24-23.08.50:686][  0]LogInit: Selected Device Profile: [Windows]
[2022.04.24-23.08.50:687][  0]LogInit: Active device profile: [000001DB51700900][000001DB509DAAC0 49] Windows
[2022.04.24-23.08.50:687][  0]LogInit: Profiles: [000001DB51700900][000001DB509DAAC0 49] Windows, [000001DB516D3800][000001DB4E098C40 49] WindowsNoEditor, [000001DB51703500][000001DB43442DC0 49] WindowsServer, [000001DB516D0E00][000001DB4D1E2F40 49] WindowsClient, [000001DB51703800][000001DB4D1E70C0 49] IOS, [000001DB516D2800][000001DB4D1EB240 49] iPadAir, [000001DB51702000][000001DB4D1EF3C0 49] iPadAir2, [000001DB51658A00][000001DB4D1F7680 49] IPadPro, [000001DB51658B00][000001DB4D1F36C0 49] iPadAir3, [000001DB516D1700][000001DB4D1FB840 49] iPadAir4, [000001DB5165B400][000001DB504819C0 49] iPadMini2, [000001DB516D2A00][000001DB50491B40 49] iPadMini3, [000001DB51659700][000001DB50494140 49] iPadMini4, [000001DB51700F00][000001DB504982C0 49] iPadMini5, [000001DB51680300][000001DB505E0580 49] iPhone6, [000001DB51680400][000001DB5049C5C0 49] iPodTouch6, [000001DB5165B600][000001DB4E1B6840 49] iPhone7, [000001DB51659800][000001DB505F2880 49] iPodTouch7, [000001DB51683F00][000001DB505F69C0 49] iPhone5S, [000001DB516D2300][000001DB505FAB00 49] iPhone6Plus, [000001DB51658200][000001DB50602C80 49] iPhone6S, [000001DB516D2200][000001DB50606E00 49] iPhone6SPlus, [000001DB5165BC00][000001DB4E10AF80 49] iPhone7Plus, [000001DB516D3D00][000001DB4E157100 49] iPhoneSE, [000001DB5165B500][000001DB4D1A5280 49] iPhone8, [000001DB516D1E00][000001DB4D1AD400 49] iPhone8Plus, [000001DB5165A600][000001DB4D1B1580 49] iPhoneX, [000001DB516D2500][000001DB4D1B9700 49] iPhoneXS, [000001DB5165A000][000001DB4D1BD880 49] iPhoneXSMax, [000001DB516D3A00][000001DB4D1C5A00 49] iPhoneXR, [000001DB5165B700][000001DB4D1C9B80 49] iPhone11, [000001DB516D0D00][000001DB4D1CC180 49] iPhone11Pro, [000001DB5165B800][000001DB4D1D0300 49] iPhone11ProMax, [000001DB516D0F00][000001DB4D1D4480 49] iPhoneSE2, [000001DB5165AE00][000001DB4E08C600 49] iPhone12Mini, [000001DB516D2700][000001DB4E090780 49] iPhone12, [000001DB51659100][000001DB4D1C0900 49] iPhone12Pro, [000001DB516D3600][000001DB505FEA40 49] iPhone12ProMax, [000001DB5165A300][000001DB4D1B4B80 49] iPadPro105, [000001DB516D0C00][000001DB4D1A8CC0 49] iPadPro129, [000001DB5165B300][000001DB43684E40 49] iPadPro97, [000001DB516D1F00][000001DB43688FC0 49] iPadPro2_129, [000001DB51659400][000001DB4368D140 49] iPad5, [000001DB516D3400][000001DB436912C0 49] iPad6, [000001DB5165B100][000001DB43695440 49] iPad7, [000001DB516D1A00][000001DB436995C0 49] iPad8, [000001DB5165A800][000001DB4369D740 49] iPadPro11, [000001DB516D1B00][000001DB436A18C0 49] iPadPro2_11, [000001DB51659B00][000001DB436A5A40 49] iPadPro3_129, [000001DB516D3900][000001DB436A9BC0 49] iPadPro4_129, [000001DB51659500][000001DB436AC1C0 49] AppleTV, [000001DB516D2000][000001DB436B0340 49] AppleTV4K, [000001DB51658100][000001DB505284C0 49] TVOS, [000001DB516D2600][000001DB5052C640 49] Mac, [000001DB5165A700][000001DB505307C0 49] MacClient, [000001DB516D2F00][000001DB50534940 49] MacNoEditor, [000001DB5165B900][000001DB50538AC0 49] MacServer, [000001DB516D3500][000001DB4E094C00 49] Linux, [000001DB5165A200][000001DB5053CD40 49] LinuxAArch64, [000001DB516D0B00][000001DB50540E80 49] LinuxNoEditor, [000001DB5165BB00][000001DB50544FC0 49] LinuxAArch64NoEditor, [000001DB516D0100][000001DB5054D140 49] LinuxClient, [000001DB51659D00][000001DB505512C0 49] LinuxAArch64Client, [000001DB516D1600][000001DB50555440 49] LinuxServer, [000001DB5165A100][000001DB505595C0 49] LinuxAArch64Server, [000001DB516D1300][000001DB5055D740 49] Android, [000001DB51658500][000001DB505618C0 49] Android_Low, [000001DB516D2B00][000001DB50565A40 49] Android_Mid, [000001DB51703A00][000001DB50645BC0 49] Android_High, [000001DB51681C00][000001DB506481C0 49] Android_Default, [000001DB51702100][000001DB5064C340 49] Android_Adreno4xx, [000001DB51682700][000001DB506504C0 49] Android_Adreno5xx_Low, [000001DB51700B00][000001DB50654640 49] Android_Adreno5xx, [000001DB51682D00][000001DB506587C0 49] Android_Adreno6xx, [000001DB51701200][000001DB5065C940 49] Android_Adreno6xx_Vulkan, [000001DB51682800][000001DB50660AC0 49] Android_Mali_T6xx, [000001DB51703200][000001DB50664C40 49] Android_Mali_T7xx, [000001DB51682E00][000001DB50548D80 49] Android_Mali_T8xx, [000001DB51702500][000001DB50668EC0 49] Android_Mali_G71, [000001DB51683E00][000001DB5066D000 49] Android_Mali_G72, [000001DB51702A00][000001DB50671140 49] Android_Mali_G72_Vulkan, [000001DB51681B00][000001DB506792C0 49] Android_Mali_G76, [000001DB51701D00][000001DB5067D440 49] Android_Mali_G76_Vulkan, [000001DB51683000][000001DB506815C0 49] Android_Mali_G77, [000001DB51702D00][000001DB50685740 49] Android_Mali_G77_Vulkan, [000001DB51683A00][000001DB506898C0 49] Android_Mali_G78, [000001DB51700D00][000001DB5068DA40 49] Android_Mali_G78_Vulkan, [000001DB51680500][000001DB50691BC0 49] Android_Mali_G710, [000001DB51701300][000001DB506941C0 49] Android_Mali_G710_Vulkan, [000001DB51683500][000001DB50698340 49] Android_Vulkan_SM5, [000001DB51703300][000001DB502184C0 49] Android_PowerVR_G6xxx, [000001DB51682C00][000001DB5021C640 49] Android_PowerVR_GT7xxx, [000001DB51703C00][000001DB502207C0 49] Android_PowerVR_GE8xxx, [000001DB51681200][000001DB50224940 49] Android_PowerVR_GM9xxx, [000001DB51703000][000001DB50228AC0 49] Android_PowerVR_GM9xxx_Vulkan, [000001DB51682900][000001DB5022CC40 49] Android_TegraK1, [000001DB51701100][000001DB50230DC0 49] Android_Unknown_Vulkan, [000001DB516D0600][000001DB50234F40 49] Lumin, [000001DB51702900][000001DB50675080 49] Lumin_Desktop, [000001DB516D1200][000001DB502391C0 49] HoloLens, 
[2022.04.24-23.08.50:910][  0]LogMeshReduction: Using QuadricMeshReduction for automatic static mesh reduction
[2022.04.24-23.08.50:910][  0]LogMeshReduction: Using SimplygonMeshReduction for automatic skeletal mesh reduction
[2022.04.24-23.08.50:910][  0]LogMeshReduction: Using ProxyLODMeshReduction for automatic mesh merging
[2022.04.24-23.08.50:910][  0]LogMeshReduction: No distributed automatic mesh merging module available
[2022.04.24-23.08.50:911][  0]LogMeshMerging: No distributed automatic mesh merging module available
[2022.04.24-23.08.50:938][  0]LogNetVersion: Bellz 1.0.0, NetCL: 17155196, EngineNetVer: 17, GameNetVer: 0 (Checksum: 3142954409)
[2022.04.24-23.08.51:675][  0]LogTexture: Default maximum texture size for cubemaps generated from long-lat sources has been changed from 512 to unlimited. In order to preserve old behaiour for '/Engine/MapTemplates/Sky/DaylightAmbientCubemap.DaylightAmbientCubemap', its maximum texture size has been explicitly set to 512.
[2022.04.24-23.08.51:764][  0]LogHMD: PokeAHoleMaterial loaded successfully
[2022.04.24-23.08.51:773][  0]LogUObjectArray: 17178 objects as part of root set at end of initial load.
[2022.04.24-23.08.51:773][  0]LogUObjectAllocator: 4302048 out of 0 bytes used by permanent object pool.
[2022.04.24-23.08.51:773][  0]LogUObjectArray: CloseDisregardForGC: 0/0 objects in disregard for GC pool
[2022.04.24-23.08.52:038][  0]LogNiagaraDebuggerClient: Niagara Debugger Client Initialized | Session: 370853FD4ED0E8C43A3B61A008788FE6 | Instance: 63516FDE4213E98A114BA6BBCCACF2F6 (MSI-GS73-8RF-1576).
[2022.04.24-23.08.52:411][  0]LogUdpMessaging: Initializing bridge on interface 0.0.0.0:0 to multicast group 230.0.0.1:6666.
[2022.04.24-23.08.52:421][  0]LogTcpMessaging: Initializing TcpMessaging bridge
[2022.04.24-23.08.52:435][  0]LogPython: Using Python 3.7.7
[2022.04.24-23.08.53:575][  0]SourceControl: 소스 컨트롤이 꺼졌습니다.
[2022.04.24-23.08.53:576][  0]SourceControl: 소스 컨트롤이 꺼졌습니다.
[2022.04.24-23.08.53:585][  0]SourceControl: 소스 컨트롤이 꺼졌습니다.
[2022.04.24-23.08.53:597][  0]SourceControl: 소스 컨트롤이 꺼졌습니다.
[2022.04.24-23.08.53:601][  0]SourceControl: 소스 컨트롤이 꺼졌습니다.
[2022.04.24-23.08.53:606][  0]LogUProjectInfo: Found projects:
[2022.04.24-23.08.54:008][  0]LogOpenImageDenoise: OIDN starting up
[2022.04.24-23.08.54:034][  0]LogAndroidPermission: UAndroidPermissionCallbackProxy::GetInstance
[2022.04.24-23.08.54:075][  0]LogAudioCaptureCore: Display: No Audio Capture implementations found. Audio input will be silent.
[2022.04.24-23.08.54:075][  0]LogAudioCaptureCore: Display: No Audio Capture implementations found. Audio input will be silent.
[2022.04.24-23.08.54:261][  0]LogCollectionManager: Loaded 0 collections in 0.001561 seconds
[2022.04.24-23.08.54:300][  0]LogFileCache: Scanning file cache for directory 'C:/Users/Home/Desktop/Projects/Basic-Game-Development/Bellz/Saved/Collections/' took 0.00s
[2022.04.24-23.08.54:300][  0]LogFileCache: Scanning file cache for directory 'C:/Users/Home/Desktop/Projects/Basic-Game-Development/Bellz/Content/Developers/Home/Collections/' took 0.00s
[2022.04.24-23.08.54:300][  0]LogFileCache: Scanning file cache for directory 'C:/Users/Home/Desktop/Projects/Basic-Game-Development/Bellz/Content/Collections/' took 0.00s
[2022.04.24-23.08.54:300][  0]LogOcInput: OculusInput pre-init called
[2022.04.24-23.08.54:770][  0]LogEngine: Initializing Engine...
[2022.04.24-23.08.54:803][  0]LogHMD: Failed to enumerate extensions. Please check that you have a valid OpenXR runtime installed.
[2022.04.24-23.08.54:803][  0]LogHMD: Failed to initialize OpenVR with code 110
[2022.04.24-23.08.54:808][  0]LogMagicLeap: Warning: VR disabled because ZI is not enabled.  To enable, in the editor, Edit -> Project Settings -> Plugins -> Magic Leap Plugin -> Enable Zero Iteration
[2022.04.24-23.08.54:810][  0]LogStats: UGameplayTagsManager::InitializeManager -  0.000 s
[2022.04.24-23.08.55:019][  0]LogInit: Initializing FReadOnlyCVARCache
[2022.04.24-23.08.55:032][  0]LogAIModule: Creating AISystem for world Untitled
[2022.04.24-23.08.55:037][  0]LogAudio: Display: Initializing Audio Device Manager...
[2022.04.24-23.08.55:043][  0]LogAudio: Display: Loading Default Audio Settings Objects...
[2022.04.24-23.08.55:043][  0]LogAudio: Display: No default SoundConcurrencyObject specified (or failed to load).
[2022.04.24-23.08.55:044][  0]LogAudio: Display: Audio Device Manager Initialized
[2022.04.24-23.08.55:044][  0]LogAudio: Display: Creating Audio Device:                 Id: 1, Scope: Shared, Realtime: True
[2022.04.24-23.08.55:044][  0]LogAudioMixer: Display: Audio Mixer Platform Settings:
[2022.04.24-23.08.55:044][  0]LogAudioMixer: Display: 	Sample Rate:						  48000
[2022.04.24-23.08.55:044][  0]LogAudioMixer: Display: 	Callback Buffer Frame Size Requested: 1024
[2022.04.24-23.08.55:044][  0]LogAudioMixer: Display: 	Callback Buffer Frame Size To Use:	  1024
[2022.04.24-23.08.55:044][  0]LogAudioMixer: Display: 	Number of buffers to queue:			  2
[2022.04.24-23.08.55:044][  0]LogAudioMixer: Display: 	Max Channels (voices):				  32
[2022.04.24-23.08.55:044][  0]LogAudioMixer: Display: 	Number of Async Source Workers:		  0
[2022.04.24-23.08.55:044][  0]LogAudio: Display: AudioDevice MaxSources: 32
[2022.04.24-23.08.55:045][  0]LogAudio: Display: Audio Spatialization Plugin: None (built-in).
[2022.04.24-23.08.55:045][  0]LogAudio: Display: Audio Reverb Plugin: None (built-in).
[2022.04.24-23.08.55:045][  0]LogAudio: Display: Audio Occlusion Plugin: None (built-in).
[2022.04.24-23.08.55:045][  0]LogAudioMixer: Display: Initializing audio mixer.
[2022.04.24-23.08.55:122][  0]LogAudioMixer: Display: 0: FrontLeft
[2022.04.24-23.08.55:122][  0]LogAudioMixer: Display: 1: FrontRight
[2022.04.24-23.08.55:281][  0]LogAudioMixer: Display: Using Audio Device 스피커(Realtek(R) Audio)
[2022.04.24-23.08.55:286][  0]LogAudioMixer: Display: Initializing Sound Submixes...
[2022.04.24-23.08.55:289][  0]LogAudioMixer: Display: Creating Master Submix 'MasterSubmixDefault'
[2022.04.24-23.08.55:289][  0]LogAudioMixer: Display: Creating Master Submix 'MasterReverbSubmixDefault'
[2022.04.24-23.08.55:291][  0]LogAudioMixer: Display: Creating Master Submix 'MasterEQSubmixDefault'
[2022.04.24-23.08.55:291][  0]LogAudioMixer: FMixerPlatformXAudio2::StartAudioStream() called
[2022.04.24-23.08.55:291][  0]LogAudioMixer: Display: Output buffers initialized: Frames=1024, Channels=2, Samples=2048
[2022.04.24-23.08.55:292][  0]LogAudioMixer: Display: Starting AudioMixerPlatformInterface::RunInternal()
[2022.04.24-23.08.55:292][  0]LogAudioMixer: Display: FMixerPlatformXAudio2::SubmitBuffer() called for the first time
[2022.04.24-23.08.55:292][  0]LogInit: FAudioDevice initialized.
[2022.04.24-23.08.55:293][  0]LogAudio: Display: Audio Device (ID: 1) registered with world 'Untitled'.
[2022.04.24-23.08.55:293][  0]LogNetVersion: Set ProjectVersion to 1.0.0.0. Version Checksum will be recalculated on next use.
[2022.04.24-23.08.55:375][  0]LogDerivedDataCache: Saved boot cache 0.08s 94MB C:/Users/Home/AppData/Local/UnrealEngine/4.27/DerivedDataCache/Boot.ddc.
[2022.04.24-23.08.55:376][  0]LogInit: Texture streaming: Enabled
[2022.04.24-23.08.55:396][  0]LogAnalytics: Display: [UEEditor.Rocket.Release] APIServer = https://datarouter.ol.epicgames.com/. AppVersion = 4.27.2-18319896+++UE4+Release-4.27
[2022.04.24-23.08.55:403][  0]LogEngineSessionManager: EngineSessionManager initialized
[2022.04.24-23.08.55:403][  0]LogEditorSessionSummary: Verbose: Initializing EditorSessionSummaryWriter for editor session tracking
[2022.04.24-23.08.55:406][  0]LogEditorSessionSummary: EditorSessionSummaryWriter initialized
[2022.04.24-23.08.55:447][  0]LogInit: Transaction tracking system initialized
[2022.04.24-23.08.55:481][  0]BlueprintLog: New page: 에디터 로드
[2022.04.24-23.08.55:575][  0]LocalizationService: 현지화 서비스가 비활성화되었습니다.
[2022.04.24-23.08.55:613][  0]TimingProfiler: Initialize
[2022.04.24-23.08.55:613][  0]TimingProfiler: OnSessionChanged
[2022.04.24-23.08.55:613][  0]LoadingProfiler: Initialize
[2022.04.24-23.08.55:614][  0]LoadingProfiler: OnSessionChanged
[2022.04.24-23.08.55:614][  0]NetworkingProfiler: Initialize
[2022.04.24-23.08.55:614][  0]NetworkingProfiler: OnSessionChanged
[2022.04.24-23.08.55:614][  0]MemoryProfiler: Initialize
[2022.04.24-23.08.55:614][  0]MemoryProfiler: OnSessionChanged
[2022.04.24-23.08.55:951][  0]LogCook: Display: CookSettings for Memory: MemoryMaxUsedVirtual 0MiB, MemoryMaxUsedPhysical 16384MiB, MemoryMinFreeVirtual 0MiB, MemoryMinFreePhysical 1024MiB
[2022.04.24-23.08.55:951][  0]LogCook: Display: Mobile HDR setting 1
[2022.04.24-23.08.56:263][  0]LogFileCache: Scanning file cache for directory 'C:/Users/Home/Desktop/Projects/Basic-Game-Development/Bellz/Content/' took 0.00s
[2022.04.24-23.08.56:644][  0]LogInit: Display: Engine is initialized. Leaving FEngineLoop::Init()
[2022.04.24-23.08.56:648][  0]SourceControl: 소스 컨트롤이 꺼졌습니다.
[2022.04.24-23.08.56:649][  0]LogUnrealEdMisc: Loading editor; pre map load, took 12.128
[2022.04.24-23.08.56:649][  0]Cmd: MAP LOAD FILE="../../../Engine/Content/Maps/Templates/Template_Default.umap" TEMPLATE=1 SHOWPROGRESS=1 FEATURELEVEL=3
[2022.04.24-23.08.56:650][  0]LightingResults: New page: 라이팅 빌드
[2022.04.24-23.08.56:652][  0]LogWorld: UWorld::CleanupWorld for Untitled, bSessionEnded=true, bCleanupResources=true
[2022.04.24-23.08.56:653][  0]LogSlate: InvalidateAllWidgets triggered.  All widgets were invalidated
[2022.04.24-23.08.56:653][  0]MapCheck: New page: 맵 체크
[2022.04.24-23.08.56:653][  0]LightingResults: New page: 라이팅 빌드
[2022.04.24-23.08.56:660][  0]LogAudio: Display: Audio Device unregistered from world 'None'.
[2022.04.24-23.08.56:665][  0]LogUObjectHash: Compacting FUObjectHashTables data took   1.24ms
[2022.04.24-23.08.56:768][  0]LogTexture: Display: 텍스처 빌드: DeprecatedTextureEB9CBE3C423008B5E8E130901E171C89 (BGRA8, 128X128)
[2022.04.24-23.08.56:773][  0]LogAudio: Display: Audio Device (ID: 1) registered with world 'Untitled_1'.
[2022.04.24-23.08.56:775][  0]LogAIModule: Creating AISystem for world Untitled_1
[2022.04.24-23.08.56:781][  0]LogEditorServer: Finished looking for orphan Actors (0.000 secs)
[2022.04.24-23.08.56:792][  0]LogUObjectHash: Compacting FUObjectHashTables data took   1.27ms
[2022.04.24-23.08.56:792][  0]Cmd: MAP CHECKDEP NOCLEARLOG
[2022.04.24-23.08.56:793][  0]MapCheck: 맵 체크 완료: 오류 0 회, 경고 0 회, 소요 시간 0.298ms.
[2022.04.24-23.08.56:793][  0]LogFileHelpers: Loading map 'Template_Default' took 0.144
[2022.04.24-23.08.56:797][  0]LogUnrealEdMisc: Total Editor Startup Time, took 12.276
[2022.04.24-23.08.57:371][  0]LogSlate: Updating window title bar state: overlay mode, drag disabled, window buttons hidden, title bar hidden
[2022.04.24-23.08.57:383][  0]LogSlate: Updating window title bar state: overlay mode, drag disabled, window buttons hidden, title bar hidden
[2022.04.24-23.08.57:393][  0]LogSlate: Updating window title bar state: overlay mode, drag disabled, window buttons hidden, title bar hidden
[2022.04.24-23.08.57:402][  0]LogSlate: Updating window title bar state: overlay mode, drag disabled, window buttons hidden, title bar hidden
[2022.04.24-23.08.57:576][  0]LogNativeClassHierarchy: Verbose: Native class hierarchy populated in 0.0159 seconds. Added 3823 classes and 930 folders.
[2022.04.24-23.08.57:637][  0]LogNativeClassHierarchy: Verbose: Native class hierarchy updated for 'WidgetCarousel' in 0.0004 seconds. Added 0 classes and 0 folders.
[2022.04.24-23.08.57:724][  0]LogPakFile: PakFile PrimaryIndexSize=187
[2022.04.24-23.08.57:724][  0]LogPakFile: PakFile PathHashIndexSize=101
[2022.04.24-23.08.57:724][  0]LogPakFile: PakFile FullDirectoryIndexSize=148
[2022.04.24-23.08.57:724][  0]LogShaderLibrary: Display: ShaderCodeLibraryPakFileMountedCallback: PakFile 'E:/Epic Games/UE_4.27/FeaturePacks/FP_FirstPerson.upack' (chunk index -1, root 'root:/') mounted
[2022.04.24-23.08.57:724][  0]LogShaderLibrary: Display: ShaderCodeLibraryPakFileMountedCallback: pending pak file info (ChunkID:-1 Root:root:/ File:E:/Epic Games/UE_4.27/FeaturePacks/FP_FirstPerson.upack)
[2022.04.24-23.08.57:724][  0]LogPakFile: OnPakFileMounted2Time == 0.000113
[2022.04.24-23.08.57:743][  0]LogPakFile: PakFile PrimaryIndexSize=189
[2022.04.24-23.08.57:743][  0]LogPakFile: PakFile PathHashIndexSize=101
[2022.04.24-23.08.57:743][  0]LogPakFile: PakFile FullDirectoryIndexSize=152
[2022.04.24-23.08.57:743][  0]LogShaderLibrary: Display: ShaderCodeLibraryPakFileMountedCallback: PakFile 'E:/Epic Games/UE_4.27/FeaturePacks/FP_FirstPersonBP.upack' (chunk index -1, root 'root:/') mounted
[2022.04.24-23.08.57:743][  0]LogShaderLibrary: Display: ShaderCodeLibraryPakFileMountedCallback: pending pak file info (ChunkID:-1 Root:root:/ File:E:/Epic Games/UE_4.27/FeaturePacks/FP_FirstPersonBP.upack)
[2022.04.24-23.08.57:743][  0]LogPakFile: OnPakFileMounted2Time == 0.000087
[2022.04.24-23.08.57:756][  0]LogPakFile: PakFile PrimaryIndexSize=191
[2022.04.24-23.08.57:756][  0]LogPakFile: PakFile PathHashIndexSize=101
[2022.04.24-23.08.57:756][  0]LogPakFile: PakFile FullDirectoryIndexSize=160
[2022.04.24-23.08.57:756][  0]LogShaderLibrary: Display: ShaderCodeLibraryPakFileMountedCallback: PakFile 'E:/Epic Games/UE_4.27/FeaturePacks/MobileStarterContent.upack' (chunk index -1, root 'root:/') mounted
[2022.04.24-23.08.57:756][  0]LogShaderLibrary: Display: ShaderCodeLibraryPakFileMountedCallback: pending pak file info (ChunkID:-1 Root:root:/ File:E:/Epic Games/UE_4.27/FeaturePacks/MobileStarterContent.upack)
[2022.04.24-23.08.57:756][  0]LogPakFile: OnPakFileMounted2Time == 0.000085
[2022.04.24-23.08.57:770][  0]LogPakFile: PakFile PrimaryIndexSize=185
[2022.04.24-23.08.57:770][  0]LogPakFile: PakFile PathHashIndexSize=101
[2022.04.24-23.08.57:770][  0]LogPakFile: PakFile FullDirectoryIndexSize=148
[2022.04.24-23.08.57:770][  0]LogShaderLibrary: Display: ShaderCodeLibraryPakFileMountedCallback: PakFile 'E:/Epic Games/UE_4.27/FeaturePacks/StarterContent.upack' (chunk index -1, root 'root:/') mounted
[2022.04.24-23.08.57:770][  0]LogShaderLibrary: Display: ShaderCodeLibraryPakFileMountedCallback: pending pak file info (ChunkID:-1 Root:root:/ File:E:/Epic Games/UE_4.27/FeaturePacks/StarterContent.upack)
[2022.04.24-23.08.57:770][  0]LogPakFile: OnPakFileMounted2Time == 0.000095
[2022.04.24-23.08.57:788][  0]LogPakFile: PakFile PrimaryIndexSize=190
[2022.04.24-23.08.57:788][  0]LogPakFile: PakFile PathHashIndexSize=101
[2022.04.24-23.08.57:788][  0]LogPakFile: PakFile FullDirectoryIndexSize=154
[2022.04.24-23.08.57:788][  0]LogShaderLibrary: Display: ShaderCodeLibraryPakFileMountedCallback: PakFile 'E:/Epic Games/UE_4.27/FeaturePacks/TP_2DSideScroller.upack' (chunk index -1, root 'root:/') mounted
[2022.04.24-23.08.57:788][  0]LogShaderLibrary: Display: ShaderCodeLibraryPakFileMountedCallback: pending pak file info (ChunkID:-1 Root:root:/ File:E:/Epic Games/UE_4.27/FeaturePacks/TP_2DSideScroller.upack)
[2022.04.24-23.08.57:788][  0]LogPakFile: OnPakFileMounted2Time == 0.000087
[2022.04.24-23.08.57:801][  0]LogPakFile: PakFile PrimaryIndexSize=192
[2022.04.24-23.08.57:801][  0]LogPakFile: PakFile PathHashIndexSize=101
[2022.04.24-23.08.57:801][  0]LogPakFile: PakFile FullDirectoryIndexSize=158
[2022.04.24-23.08.57:801][  0]LogShaderLibrary: Display: ShaderCodeLibraryPakFileMountedCallback: PakFile 'E:/Epic Games/UE_4.27/FeaturePacks/TP_2DSideScrollerBP.upack' (chunk index -1, root 'root:/') mounted
[2022.04.24-23.08.57:801][  0]LogShaderLibrary: Display: ShaderCodeLibraryPakFileMountedCallback: pending pak file info (ChunkID:-1 Root:root:/ File:E:/Epic Games/UE_4.27/FeaturePacks/TP_2DSideScrollerBP.upack)
[2022.04.24-23.08.57:801][  0]LogPakFile: OnPakFileMounted2Time == 0.000077
[2022.04.24-23.08.57:817][  0]LogPakFile: PakFile PrimaryIndexSize=182
[2022.04.24-23.08.57:817][  0]LogPakFile: PakFile PathHashIndexSize=101
[2022.04.24-23.08.57:817][  0]LogPakFile: PakFile FullDirectoryIndexSize=138
[2022.04.24-23.08.57:817][  0]LogShaderLibrary: Display: ShaderCodeLibraryPakFileMountedCallback: PakFile 'E:/Epic Games/UE_4.27/FeaturePacks/TP_Flying.upack' (chunk index -1, root 'root:/') mounted
[2022.04.24-23.08.57:817][  0]LogShaderLibrary: Display: ShaderCodeLibraryPakFileMountedCallback: pending pak file info (ChunkID:-1 Root:root:/ File:E:/Epic Games/UE_4.27/FeaturePacks/TP_Flying.upack)
[2022.04.24-23.08.57:817][  0]LogPakFile: OnPakFileMounted2Time == 0.000077
[2022.04.24-23.08.57:844][  0]LogPakFile: PakFile PrimaryIndexSize=184
[2022.04.24-23.08.57:844][  0]LogPakFile: PakFile PathHashIndexSize=101
[2022.04.24-23.08.57:844][  0]LogPakFile: PakFile FullDirectoryIndexSize=142
[2022.04.24-23.08.57:844][  0]LogShaderLibrary: Display: ShaderCodeLibraryPakFileMountedCallback: PakFile 'E:/Epic Games/UE_4.27/FeaturePacks/TP_FlyingBP.upack' (chunk index -1, root 'root:/') mounted
[2022.04.24-23.08.57:844][  0]LogShaderLibrary: Display: ShaderCodeLibraryPakFileMountedCallback: pending pak file info (ChunkID:-1 Root:root:/ File:E:/Epic Games/UE_4.27/FeaturePacks/TP_FlyingBP.upack)
[2022.04.24-23.08.57:844][  0]LogPakFile: OnPakFileMounted2Time == 0.000077
[2022.04.24-23.08.57:855][  0]LogPakFile: PakFile PrimaryIndexSize=188
[2022.04.24-23.08.57:855][  0]LogPakFile: PakFile PathHashIndexSize=101
[2022.04.24-23.08.57:855][  0]LogPakFile: PakFile FullDirectoryIndexSize=150
[2022.04.24-23.08.57:855][  0]LogShaderLibrary: Display: ShaderCodeLibraryPakFileMountedCallback: PakFile 'E:/Epic Games/UE_4.27/FeaturePacks/TP_HandheldARBP.upack' (chunk index -1, root 'root:/') mounted
[2022.04.24-23.08.57:855][  0]LogShaderLibrary: Display: ShaderCodeLibraryPakFileMountedCallback: pending pak file info (ChunkID:-1 Root:root:/ File:E:/Epic Games/UE_4.27/FeaturePacks/TP_HandheldARBP.upack)
[2022.04.24-23.08.57:855][  0]LogPakFile: OnPakFileMounted2Time == 0.000074
[2022.04.24-23.08.57:895][  0]LogPakFile: PakFile PrimaryIndexSize=182
[2022.04.24-23.08.57:895][  0]LogPakFile: PakFile PathHashIndexSize=101
[2022.04.24-23.08.57:895][  0]LogPakFile: PakFile FullDirectoryIndexSize=138
[2022.04.24-23.08.57:895][  0]LogShaderLibrary: Display: ShaderCodeLibraryPakFileMountedCallback: PakFile 'E:/Epic Games/UE_4.27/FeaturePacks/TP_Puzzle.upack' (chunk index -1, root 'root:/') mounted
[2022.04.24-23.08.57:896][  0]LogShaderLibrary: Display: ShaderCodeLibraryPakFileMountedCallback: pending pak file info (ChunkID:-1 Root:root:/ File:E:/Epic Games/UE_4.27/FeaturePacks/TP_Puzzle.upack)
[2022.04.24-23.08.57:896][  0]LogPakFile: OnPakFileMounted2Time == 0.000159
[2022.04.24-23.08.57:909][  0]LogPakFile: PakFile PrimaryIndexSize=184
[2022.04.24-23.08.57:909][  0]LogPakFile: PakFile PathHashIndexSize=101
[2022.04.24-23.08.57:909][  0]LogPakFile: PakFile FullDirectoryIndexSize=142
[2022.04.24-23.08.57:909][  0]LogShaderLibrary: Display: ShaderCodeLibraryPakFileMountedCallback: PakFile 'E:/Epic Games/UE_4.27/FeaturePacks/TP_PuzzleBP.upack' (chunk index -1, root 'root:/') mounted
[2022.04.24-23.08.57:909][  0]LogShaderLibrary: Display: ShaderCodeLibraryPakFileMountedCallback: pending pak file info (ChunkID:-1 Root:root:/ File:E:/Epic Games/UE_4.27/FeaturePacks/TP_PuzzleBP.upack)
[2022.04.24-23.08.57:909][  0]LogPakFile: OnPakFileMounted2Time == 0.000076
[2022.04.24-23.08.57:921][  0]LogPakFile: PakFile PrimaryIndexSize=183
[2022.04.24-23.08.57:921][  0]LogPakFile: PakFile PathHashIndexSize=101
[2022.04.24-23.08.57:921][  0]LogPakFile: PakFile FullDirectoryIndexSize=140
[2022.04.24-23.08.57:921][  0]LogShaderLibrary: Display: ShaderCodeLibraryPakFileMountedCallback: PakFile 'E:/Epic Games/UE_4.27/FeaturePacks/TP_Rolling.upack' (chunk index -1, root 'root:/') mounted
[2022.04.24-23.08.57:921][  0]LogShaderLibrary: Display: ShaderCodeLibraryPakFileMountedCallback: pending pak file info (ChunkID:-1 Root:root:/ File:E:/Epic Games/UE_4.27/FeaturePacks/TP_Rolling.upack)
[2022.04.24-23.08.57:921][  0]LogPakFile: OnPakFileMounted2Time == 0.000081
[2022.04.24-23.08.57:932][  0]LogPakFile: PakFile PrimaryIndexSize=185
[2022.04.24-23.08.57:932][  0]LogPakFile: PakFile PathHashIndexSize=101
[2022.04.24-23.08.57:932][  0]LogPakFile: PakFile FullDirectoryIndexSize=144
[2022.04.24-23.08.57:932][  0]LogShaderLibrary: Display: ShaderCodeLibraryPakFileMountedCallback: PakFile 'E:/Epic Games/UE_4.27/FeaturePacks/TP_RollingBP.upack' (chunk index -1, root 'root:/') mounted
[2022.04.24-23.08.57:932][  0]LogShaderLibrary: Display: ShaderCodeLibraryPakFileMountedCallback: pending pak file info (ChunkID:-1 Root:root:/ File:E:/Epic Games/UE_4.27/FeaturePacks/TP_RollingBP.upack)
[2022.04.24-23.08.57:932][  0]LogPakFile: OnPakFileMounted2Time == 0.000077
[2022.04.24-23.08.57:936][  0]LogPakFile: PakFile PrimaryIndexSize=188
[2022.04.24-23.08.57:936][  0]LogPakFile: PakFile PathHashIndexSize=101
[2022.04.24-23.08.57:936][  0]LogPakFile: PakFile FullDirectoryIndexSize=150
[2022.04.24-23.08.57:936][  0]LogShaderLibrary: Display: ShaderCodeLibraryPakFileMountedCallback: PakFile 'E:/Epic Games/UE_4.27/FeaturePacks/TP_SideScroller.upack' (chunk index -1, root 'root:/') mounted
[2022.04.24-23.08.57:936][  0]LogShaderLibrary: Display: ShaderCodeLibraryPakFileMountedCallback: pending pak file info (ChunkID:-1 Root:root:/ File:E:/Epic Games/UE_4.27/FeaturePacks/TP_SideScroller.upack)
[2022.04.24-23.08.57:936][  0]LogPakFile: OnPakFileMounted2Time == 0.000084
[2022.04.24-23.08.57:938][  0]LogPakFile: PakFile PrimaryIndexSize=190
[2022.04.24-23.08.57:938][  0]LogPakFile: PakFile PathHashIndexSize=101
[2022.04.24-23.08.57:938][  0]LogPakFile: PakFile FullDirectoryIndexSize=154
[2022.04.24-23.08.57:938][  0]LogShaderLibrary: Display: ShaderCodeLibraryPakFileMountedCallback: PakFile 'E:/Epic Games/UE_4.27/FeaturePacks/TP_SideScrollerBP.upack' (chunk index -1, root 'root:/') mounted
[2022.04.24-23.08.57:939][  0]LogShaderLibrary: Display: ShaderCodeLibraryPakFileMountedCallback: pending pak file info (ChunkID:-1 Root:root:/ File:E:/Epic Games/UE_4.27/FeaturePacks/TP_SideScrollerBP.upack)
[2022.04.24-23.08.57:939][  0]LogPakFile: OnPakFileMounted2Time == 0.000152
[2022.04.24-23.08.57:946][  0]LogPakFile: PakFile PrimaryIndexSize=187
[2022.04.24-23.08.57:946][  0]LogPakFile: PakFile PathHashIndexSize=101
[2022.04.24-23.08.57:946][  0]LogPakFile: PakFile FullDirectoryIndexSize=148
[2022.04.24-23.08.57:946][  0]LogShaderLibrary: Display: ShaderCodeLibraryPakFileMountedCallback: PakFile 'E:/Epic Games/UE_4.27/FeaturePacks/TP_ThirdPerson.upack' (chunk index -1, root 'root:/') mounted
[2022.04.24-23.08.57:946][  0]LogShaderLibrary: Display: ShaderCodeLibraryPakFileMountedCallback: pending pak file info (ChunkID:-1 Root:root:/ File:E:/Epic Games/UE_4.27/FeaturePacks/TP_ThirdPerson.upack)
[2022.04.24-23.08.57:946][  0]LogPakFile: OnPakFileMounted2Time == 0.000076
[2022.04.24-23.08.57:958][  0]LogPakFile: PakFile PrimaryIndexSize=189
[2022.04.24-23.08.57:958][  0]LogPakFile: PakFile PathHashIndexSize=101
[2022.04.24-23.08.57:958][  0]LogPakFile: PakFile FullDirectoryIndexSize=152
[2022.04.24-23.08.57:958][  0]LogShaderLibrary: Display: ShaderCodeLibraryPakFileMountedCallback: PakFile 'E:/Epic Games/UE_4.27/FeaturePacks/TP_ThirdPersonBP.upack' (chunk index -1, root 'root:/') mounted
[2022.04.24-23.08.57:958][  0]LogShaderLibrary: Display: ShaderCodeLibraryPakFileMountedCallback: pending pak file info (ChunkID:-1 Root:root:/ File:E:/Epic Games/UE_4.27/FeaturePacks/TP_ThirdPersonBP.upack)
[2022.04.24-23.08.57:958][  0]LogPakFile: OnPakFileMounted2Time == 0.000086
[2022.04.24-23.08.57:968][  0]LogPakFile: PakFile PrimaryIndexSize=183
[2022.04.24-23.08.57:968][  0]LogPakFile: PakFile PathHashIndexSize=101
[2022.04.24-23.08.57:968][  0]LogPakFile: PakFile FullDirectoryIndexSize=140
[2022.04.24-23.08.57:968][  0]LogShaderLibrary: Display: ShaderCodeLibraryPakFileMountedCallback: PakFile 'E:/Epic Games/UE_4.27/FeaturePacks/TP_TopDown.upack' (chunk index -1, root 'root:/') mounted
[2022.04.24-23.08.57:968][  0]LogShaderLibrary: Display: ShaderCodeLibraryPakFileMountedCallback: pending pak file info (ChunkID:-1 Root:root:/ File:E:/Epic Games/UE_4.27/FeaturePacks/TP_TopDown.upack)
[2022.04.24-23.08.57:968][  0]LogPakFile: OnPakFileMounted2Time == 0.000098
[2022.04.24-23.08.57:971][  0]LogPakFile: PakFile PrimaryIndexSize=185
[2022.04.24-23.08.57:971][  0]LogPakFile: PakFile PathHashIndexSize=101
[2022.04.24-23.08.57:971][  0]LogPakFile: PakFile FullDirectoryIndexSize=144
[2022.04.24-23.08.57:971][  0]LogShaderLibrary: Display: ShaderCodeLibraryPakFileMountedCallback: PakFile 'E:/Epic Games/UE_4.27/FeaturePacks/TP_TopDownBP.upack' (chunk index -1, root 'root:/') mounted
[2022.04.24-23.08.57:971][  0]LogShaderLibrary: Display: ShaderCodeLibraryPakFileMountedCallback: pending pak file info (ChunkID:-1 Root:root:/ File:E:/Epic Games/UE_4.27/FeaturePacks/TP_TopDownBP.upack)
[2022.04.24-23.08.57:971][  0]LogPakFile: OnPakFileMounted2Time == 0.000076
[2022.04.24-23.08.57:981][  0]LogPakFile: PakFile PrimaryIndexSize=185
[2022.04.24-23.08.57:981][  0]LogPakFile: PakFile PathHashIndexSize=101
[2022.04.24-23.08.57:981][  0]LogPakFile: PakFile FullDirectoryIndexSize=144
[2022.04.24-23.08.57:981][  0]LogShaderLibrary: Display: ShaderCodeLibraryPakFileMountedCallback: PakFile 'E:/Epic Games/UE_4.27/FeaturePacks/TP_TwinStick.upack' (chunk index -1, root 'root:/') mounted
[2022.04.24-23.08.57:981][  0]LogShaderLibrary: Display: ShaderCodeLibraryPakFileMountedCallback: pending pak file info (ChunkID:-1 Root:root:/ File:E:/Epic Games/UE_4.27/FeaturePacks/TP_TwinStick.upack)
[2022.04.24-23.08.57:981][  0]LogPakFile: OnPakFileMounted2Time == 0.000075
[2022.04.24-23.08.58:000][  0]LogPakFile: PakFile PrimaryIndexSize=187
[2022.04.24-23.08.58:000][  0]LogPakFile: PakFile PathHashIndexSize=101
[2022.04.24-23.08.58:000][  0]LogPakFile: PakFile FullDirectoryIndexSize=148
[2022.04.24-23.08.58:000][  0]LogShaderLibrary: Display: ShaderCodeLibraryPakFileMountedCallback: PakFile 'E:/Epic Games/UE_4.27/FeaturePacks/TP_TwinStickBP.upack' (chunk index -1, root 'root:/') mounted
[2022.04.24-23.08.58:000][  0]LogShaderLibrary: Display: ShaderCodeLibraryPakFileMountedCallback: pending pak file info (ChunkID:-1 Root:root:/ File:E:/Epic Games/UE_4.27/FeaturePacks/TP_TwinStickBP.upack)
[2022.04.24-23.08.58:000][  0]LogPakFile: OnPakFileMounted2Time == 0.000083
[2022.04.24-23.08.58:017][  0]LogPakFile: PakFile PrimaryIndexSize=183
[2022.04.24-23.08.58:018][  0]LogPakFile: PakFile PathHashIndexSize=101
[2022.04.24-23.08.58:018][  0]LogPakFile: PakFile FullDirectoryIndexSize=140
[2022.04.24-23.08.58:018][  0]LogShaderLibrary: Display: ShaderCodeLibraryPakFileMountedCallback: PakFile 'E:/Epic Games/UE_4.27/FeaturePacks/TP_Vehicle.upack' (chunk index -1, root 'root:/') mounted
[2022.04.24-23.08.58:018][  0]LogShaderLibrary: Display: ShaderCodeLibraryPakFileMountedCallback: pending pak file info (ChunkID:-1 Root:root:/ File:E:/Epic Games/UE_4.27/FeaturePacks/TP_Vehicle.upack)
[2022.04.24-23.08.58:018][  0]LogPakFile: OnPakFileMounted2Time == 0.000076
[2022.04.24-23.08.58:086][  0]LogPakFile: PakFile PrimaryIndexSize=186
[2022.04.24-23.08.58:086][  0]LogPakFile: PakFile PathHashIndexSize=101
[2022.04.24-23.08.58:086][  0]LogPakFile: PakFile FullDirectoryIndexSize=146
[2022.04.24-23.08.58:086][  0]LogShaderLibrary: Display: ShaderCodeLibraryPakFileMountedCallback: PakFile 'E:/Epic Games/UE_4.27/FeaturePacks/TP_VehicleAdv.upack' (chunk index -1, root 'root:/') mounted
[2022.04.24-23.08.58:086][  0]LogShaderLibrary: Display: ShaderCodeLibraryPakFileMountedCallback: pending pak file info (ChunkID:-1 Root:root:/ File:E:/Epic Games/UE_4.27/FeaturePacks/TP_VehicleAdv.upack)
[2022.04.24-23.08.58:086][  0]LogPakFile: OnPakFileMounted2Time == 0.000077
[2022.04.24-23.08.58:089][  0]LogPakFile: PakFile PrimaryIndexSize=188
[2022.04.24-23.08.58:089][  0]LogPakFile: PakFile PathHashIndexSize=101
[2022.04.24-23.08.58:089][  0]LogPakFile: PakFile FullDirectoryIndexSize=150
[2022.04.24-23.08.58:089][  0]LogShaderLibrary: Display: ShaderCodeLibraryPakFileMountedCallback: PakFile 'E:/Epic Games/UE_4.27/FeaturePacks/TP_VehicleAdvBP.upack' (chunk index -1, root 'root:/') mounted
[2022.04.24-23.08.58:089][  0]LogShaderLibrary: Display: ShaderCodeLibraryPakFileMountedCallback: pending pak file info (ChunkID:-1 Root:root:/ File:E:/Epic Games/UE_4.27/FeaturePacks/TP_VehicleAdvBP.upack)
[2022.04.24-23.08.58:089][  0]LogPakFile: OnPakFileMounted2Time == 0.000076
[2022.04.24-23.08.58:092][  0]LogPakFile: PakFile PrimaryIndexSize=185
[2022.04.24-23.08.58:092][  0]LogPakFile: PakFile PathHashIndexSize=101
[2022.04.24-23.08.58:092][  0]LogPakFile: PakFile FullDirectoryIndexSize=144
[2022.04.24-23.08.58:092][  0]LogShaderLibrary: Display: ShaderCodeLibraryPakFileMountedCallback: PakFile 'E:/Epic Games/UE_4.27/FeaturePacks/TP_VehicleBP.upack' (chunk index -1, root 'root:/') mounted
[2022.04.24-23.08.58:092][  0]LogShaderLibrary: Display: ShaderCodeLibraryPakFileMountedCallback: pending pak file info (ChunkID:-1 Root:root:/ File:E:/Epic Games/UE_4.27/FeaturePacks/TP_VehicleBP.upack)
[2022.04.24-23.08.58:092][  0]LogPakFile: OnPakFileMounted2Time == 0.000084
[2022.04.24-23.08.58:096][  0]LogPakFile: PakFile PrimaryIndexSize=192
[2022.04.24-23.08.58:096][  0]LogPakFile: PakFile PathHashIndexSize=101
[2022.04.24-23.08.58:096][  0]LogPakFile: PakFile FullDirectoryIndexSize=158
[2022.04.24-23.08.58:096][  0]LogShaderLibrary: Display: ShaderCodeLibraryPakFileMountedCallback: PakFile 'E:/Epic Games/UE_4.27/FeaturePacks/TP_VirtualRealityBP.upack' (chunk index -1, root 'root:/') mounted
[2022.04.24-23.08.58:096][  0]LogShaderLibrary: Display: ShaderCodeLibraryPakFileMountedCallback: pending pak file info (ChunkID:-1 Root:root:/ File:E:/Epic Games/UE_4.27/FeaturePacks/TP_VirtualRealityBP.upack)
[2022.04.24-23.08.58:096][  0]LogPakFile: OnPakFileMounted2Time == 0.000075
[2022.04.24-23.09.00:269][  0]LogNativeClassHierarchy: Verbose: Native class hierarchy updated for 'AddContentDialog' in 0.0004 seconds. Added 0 classes and 0 folders.
[2022.04.24-23.09.00:312][  0]LogNativeClassHierarchy: Verbose: Native class hierarchy updated for 'SceneOutliner' in 0.0004 seconds. Added 2 classes and 0 folders.
[2022.04.24-23.09.00:753][  0]LogSlate: Took 0.000220 seconds to synchronously load lazily loaded font '../../../Engine/Content/Slate/Fonts/Roboto-Regular.ttf' (155K)
[2022.04.24-23.09.00:756][  0]LogSlate: Took 0.002535 seconds to synchronously load lazily loaded font '../../../Engine/Content/Editor/Slate/Fonts/NanumGothic.ttf' (4243K)
[2022.04.24-23.09.00:770][  0]LogSlate: Took 0.012849 seconds to synchronously load lazily loaded font '../../../Engine/Content/Editor/Slate/Fonts/FontAwesome.ttf' (139K)
[2022.04.24-23.09.00:783][  0]LogSlate: Took 0.002775 seconds to synchronously load lazily loaded font '../../../Engine/Content/Editor/Slate/Fonts/NanumGothicBold.ttf' (4188K)
[2022.04.24-23.09.00:783][  0]LogSlate: Took 0.000204 seconds to synchronously load lazily loaded font '../../../Engine/Content/Slate/Fonts/Roboto-Bold.ttf' (160K)
[2022.04.24-23.09.01:208][  0]LogRenderer: Reallocating scene render targets to support 1208x572 Format 10 NumSamples 1 (Frame:1).
[2022.04.24-23.09.01:735][  0]LogNativeClassHierarchy: Verbose: Native class hierarchy updated for 'HierarchicalLODOutliner' in 0.0004 seconds. Added 0 classes and 0 folders.
[2022.04.24-23.09.01:735][  0]LogLoad: (Engine Initialization) Total time: 17.21 seconds
[2022.04.24-23.09.01:735][  0]LogLoad: (Engine Initialization) Total Blueprint compile time: 0.00 seconds
[2022.04.24-23.09.01:812][  0]LogAssetRegistry: Asset discovery search completed in 11.5356 seconds
[2022.04.24-23.09.01:820][  0]LogCollectionManager: Fixed up redirectors for 0 collections in 0.000005 seconds (updated 0 objects)
[2022.04.24-23.09.01:836][  0]LogContentStreaming: Texture pool size now 1000 MB
[2022.04.24-23.10.11:611][496]LogSlate: Only BGRA pngs, bmps or icos are supported in by External Image Picker
[2022.04.24-23.13.41:493][947]LogSlate: Window '프로젝트 세팅' being destroyed
[2022.04.24-23.13.41:498][947]LogSlate: Window '프로젝트 세팅' being destroyed
